CRITICAL - 2022-05-29 05:11:29 --> Undefined index: tema2
#0 C:\xampp\htdocs\event_organizer\app\Views\proses\v_prosesAwal.php(12): CodeIgniter\Debug\Exceptions->errorHandler(8, 'Undefined index...', 'C:\\xampp\\htdocs...', 12, Array)
#1 C:\xampp\htdocs\event_organizer\system\View\View.php(210): include('C:\\xampp\\htdocs...')
#2 C:\xampp\htdocs\event_organizer\system\View\View.php(213): CodeIgniter\View\View->CodeIgniter\View\{closure}()
#3 C:\xampp\htdocs\event_organizer\system\Common.php(1089): CodeIgniter\View\View->render('proses/v_proses...', Array, true)
#4 C:\xampp\htdocs\event_organizer\app\Views\layout\v_content.php(3): view('proses/v_proses...')
#5 C:\xampp\htdocs\event_organizer\system\View\View.php(210): include('C:\\xampp\\htdocs...')
#6 C:\xampp\htdocs\event_organizer\system\View\View.php(213): CodeIgniter\View\View->CodeIgniter\View\{closure}()
#7 C:\xampp\htdocs\event_organizer\system\Common.php(1089): CodeIgniter\View\View->render('layout/v_conten...', Array, true)
#8 C:\xampp\htdocs\event_organizer\app\Views\layout\v_wrapper.php(4): view('layout/v_conten...')
#9 C:\xampp\htdocs\event_organizer\system\View\View.php(210): include('C:\\xampp\\htdocs...')
#10 C:\xampp\htdocs\event_organizer\system\View\View.php(213): CodeIgniter\View\View->CodeIgniter\View\{closure}()
#11 C:\xampp\htdocs\event_organizer\system\Common.php(1089): CodeIgniter\View\View->render('layout/v_wrappe...', Array, true)
#12 C:\xampp\htdocs\event_organizer\app\Controllers\ProsesAwal.php(33): view('layout/v_wrappe...', Array)
#13 C:\xampp\htdocs\event_organizer\system\CodeIgniter.php(825): App\Controllers\ProsesAwal->index()
#14 C:\xampp\htdocs\event_organizer\system\CodeIgniter.php(412): CodeIgniter\CodeIgniter->runController(Object(App\Controllers\ProsesAwal))
#15 C:\xampp\htdocs\event_organizer\system\CodeIgniter.php(320): CodeIgniter\CodeIgniter->handleRequest(NULL, Object(Config\Cache), false)
#16 C:\xampp\htdocs\event_organizer\public\index.php(37): CodeIgniter\CodeIgniter->run()
#17 {main}
CRITICAL - 2022-05-29 05:11:57 --> Undefined index: tema2
#0 C:\xampp\htdocs\event_organizer\app\Views\proses\v_prosesAwal.php(12): CodeIgniter\Debug\Exceptions->errorHandler(8, 'Undefined index...', 'C:\\xampp\\htdocs...', 12, Array)
#1 C:\xampp\htdocs\event_organizer\system\View\View.php(210): include('C:\\xampp\\htdocs...')
#2 C:\xampp\htdocs\event_organizer\system\View\View.php(213): CodeIgniter\View\View->CodeIgniter\View\{closure}()
#3 C:\xampp\htdocs\event_organizer\system\Common.php(1089): CodeIgniter\View\View->render('proses/v_proses...', Array, true)
#4 C:\xampp\htdocs\event_organizer\app\Views\layout\v_content.php(3): view('proses/v_proses...')
#5 C:\xampp\htdocs\event_organizer\system\View\View.php(210): include('C:\\xampp\\htdocs...')
#6 C:\xampp\htdocs\event_organizer\system\View\View.php(213): CodeIgniter\View\View->CodeIgniter\View\{closure}()
#7 C:\xampp\htdocs\event_organizer\system\Common.php(1089): CodeIgniter\View\View->render('layout/v_conten...', Array, true)
#8 C:\xampp\htdocs\event_organizer\app\Views\layout\v_wrapper.php(4): view('layout/v_conten...')
#9 C:\xampp\htdocs\event_organizer\system\View\View.php(210): include('C:\\xampp\\htdocs...')
#10 C:\xampp\htdocs\event_organizer\system\View\View.php(213): CodeIgniter\View\View->CodeIgniter\View\{closure}()
#11 C:\xampp\htdocs\event_organizer\system\Common.php(1089): CodeIgniter\View\View->render('layout/v_wrappe...', Array, true)
#12 C:\xampp\htdocs\event_organizer\app\Controllers\ProsesAwal.php(33): view('layout/v_wrappe...', Array)
#13 C:\xampp\htdocs\event_organizer\system\CodeIgniter.php(825): App\Controllers\ProsesAwal->index()
#14 C:\xampp\htdocs\event_organizer\system\CodeIgniter.php(412): CodeIgniter\CodeIgniter->runController(Object(App\Controllers\ProsesAwal))
#15 C:\xampp\htdocs\event_organizer\system\CodeIgniter.php(320): CodeIgniter\CodeIgniter->handleRequest(NULL, Object(Config\Cache), false)
#16 C:\xampp\htdocs\event_organizer\public\index.php(37): CodeIgniter\CodeIgniter->run()
#17 {main}
CRITICAL - 2022-05-29 05:19:30 --> Cannot use isset() on the result of an expression (you can use "null !== expression" instead)
#0 [internal function]: CodeIgniter\Debug\Exceptions->shutdownHandler()
#1 {main}
CRITICAL - 2022-05-29 05:19:31 --> Cannot use isset() on the result of an expression (you can use "null !== expression" instead)
#0 [internal function]: CodeIgniter\Debug\Exceptions->shutdownHandler()
#1 {main}
CRITICAL - 2022-05-29 05:20:09 --> Cannot use isset() on the result of an expression (you can use "null !== expression" instead)
#0 [internal function]: CodeIgniter\Debug\Exceptions->shutdownHandler()
#1 {main}
CRITICAL - 2022-05-29 05:20:14 --> Cannot use isset() on the result of an expression (you can use "null !== expression" instead)
#0 [internal function]: CodeIgniter\Debug\Exceptions->shutdownHandler()
#1 {main}
CRITICAL - 2022-05-29 23:07:09 --> Cannot use isset() on the result of an expression (you can use "null !== expression" instead)
#0 [internal function]: CodeIgniter\Debug\Exceptions->shutdownHandler()
#1 {main}
CRITICAL - 2022-05-29 23:11:21 --> Cannot use isset() on the result of an expression (you can use "null !== expression" instead)
#0 [internal function]: CodeIgniter\Debug\Exceptions->shutdownHandler()
#1 {main}
CRITICAL - 2022-05-29 23:11:38 --> Cannot use isset() on the result of an expression (you can use "null !== expression" instead)
#0 [internal function]: CodeIgniter\Debug\Exceptions->shutdownHandler()
#1 {main}
CRITICAL - 2022-05-29 23:11:51 --> Function name must be a string
#0 C:\xampp\htdocs\event_organizer\system\View\View.php(210): include()
#1 C:\xampp\htdocs\event_organizer\system\View\View.php(213): CodeIgniter\View\View->CodeIgniter\View\{closure}()
#2 C:\xampp\htdocs\event_organizer\system\Common.php(1089): CodeIgniter\View\View->render('proses/v_proses...', Array, true)
#3 C:\xampp\htdocs\event_organizer\app\Views\layout\v_content.php(3): view('proses/v_proses...')
#4 C:\xampp\htdocs\event_organizer\system\View\View.php(210): include('C:\\xampp\\htdocs...')
#5 C:\xampp\htdocs\event_organizer\system\View\View.php(213): CodeIgniter\View\View->CodeIgniter\View\{closure}()
#6 C:\xampp\htdocs\event_organizer\system\Common.php(1089): CodeIgniter\View\View->render('layout/v_conten...', Array, true)
#7 C:\xampp\htdocs\event_organizer\app\Views\layout\v_wrapper.php(4): view('layout/v_conten...')
#8 C:\xampp\htdocs\event_organizer\system\View\View.php(210): include('C:\\xampp\\htdocs...')
#9 C:\xampp\htdocs\event_organizer\system\View\View.php(213): CodeIgniter\View\View->CodeIgniter\View\{closure}()
#10 C:\xampp\htdocs\event_organizer\system\Common.php(1089): CodeIgniter\View\View->render('layout/v_wrappe...', Array, true)
#11 C:\xampp\htdocs\event_organizer\app\Controllers\ProsesAwal.php(33): view('layout/v_wrappe...', Array)
#12 C:\xampp\htdocs\event_organizer\system\CodeIgniter.php(825): App\Controllers\ProsesAwal->index()
#13 C:\xampp\htdocs\event_organizer\system\CodeIgniter.php(412): CodeIgniter\CodeIgniter->runController(Object(App\Controllers\ProsesAwal))
#14 C:\xampp\htdocs\event_organizer\system\CodeIgniter.php(320): CodeIgniter\CodeIgniter->handleRequest(NULL, Object(Config\Cache), false)
#15 C:\xampp\htdocs\event_organizer\public\index.php(37): CodeIgniter\CodeIgniter->run()
#16 {main}
CRITICAL - 2022-05-29 23:11:59 --> Function name must be a string
#0 C:\xampp\htdocs\event_organizer\system\View\View.php(210): include()
#1 C:\xampp\htdocs\event_organizer\system\View\View.php(213): CodeIgniter\View\View->CodeIgniter\View\{closure}()
#2 C:\xampp\htdocs\event_organizer\system\Common.php(1089): CodeIgniter\View\View->render('proses/v_proses...', Array, true)
#3 C:\xampp\htdocs\event_organizer\app\Views\layout\v_content.php(3): view('proses/v_proses...')
#4 C:\xampp\htdocs\event_organizer\system\View\View.php(210): include('C:\\xampp\\htdocs...')
#5 C:\xampp\htdocs\event_organizer\system\View\View.php(213): CodeIgniter\View\View->CodeIgniter\View\{closure}()
#6 C:\xampp\htdocs\event_organizer\system\Common.php(1089): CodeIgniter\View\View->render('layout/v_conten...', Array, true)
#7 C:\xampp\htdocs\event_organizer\app\Views\layout\v_wrapper.php(4): view('layout/v_conten...')
#8 C:\xampp\htdocs\event_organizer\system\View\View.php(210): include('C:\\xampp\\htdocs...')
#9 C:\xampp\htdocs\event_organizer\system\View\View.php(213): CodeIgniter\View\View->CodeIgniter\View\{closure}()
#10 C:\xampp\htdocs\event_organizer\system\Common.php(1089): CodeIgniter\View\View->render('layout/v_wrappe...', Array, true)
#11 C:\xampp\htdocs\event_organizer\app\Controllers\ProsesAwal.php(33): view('layout/v_wrappe...', Array)
#12 C:\xampp\htdocs\event_organizer\system\CodeIgniter.php(825): App\Controllers\ProsesAwal->index()
#13 C:\xampp\htdocs\event_organizer\system\CodeIgniter.php(412): CodeIgniter\CodeIgniter->runController(Object(App\Controllers\ProsesAwal))
#14 C:\xampp\htdocs\event_organizer\system\CodeIgniter.php(320): CodeIgniter\CodeIgniter->handleRequest(NULL, Object(Config\Cache), false)
#15 C:\xampp\htdocs\event_organizer\public\index.php(37): CodeIgniter\CodeIgniter->run()
#16 {main}
CRITICAL - 2022-05-29 23:12:20 --> Array callback has to contain indices 0 and 1
#0 C:\xampp\htdocs\event_organizer\system\View\View.php(210): include()
#1 C:\xampp\htdocs\event_organizer\system\View\View.php(213): CodeIgniter\View\View->CodeIgniter\View\{closure}()
#2 C:\xampp\htdocs\event_organizer\system\Common.php(1089): CodeIgniter\View\View->render('proses/v_proses...', Array, true)
#3 C:\xampp\htdocs\event_organizer\app\Views\layout\v_content.php(3): view('proses/v_proses...')
#4 C:\xampp\htdocs\event_organizer\system\View\View.php(210): include('C:\\xampp\\htdocs...')
#5 C:\xampp\htdocs\event_organizer\system\View\View.php(213): CodeIgniter\View\View->CodeIgniter\View\{closure}()
#6 C:\xampp\htdocs\event_organizer\system\Common.php(1089): CodeIgniter\View\View->render('layout/v_conten...', Array, true)
#7 C:\xampp\htdocs\event_organizer\app\Views\layout\v_wrapper.php(4): view('layout/v_conten...')
#8 C:\xampp\htdocs\event_organizer\system\View\View.php(210): include('C:\\xampp\\htdocs...')
#9 C:\xampp\htdocs\event_organizer\system\View\View.php(213): CodeIgniter\View\View->CodeIgniter\View\{closure}()
#10 C:\xampp\htdocs\event_organizer\system\Common.php(1089): CodeIgniter\View\View->render('layout/v_wrappe...', Array, true)
#11 C:\xampp\htdocs\event_organizer\app\Controllers\ProsesAwal.php(33): view('layout/v_wrappe...', Array)
#12 C:\xampp\htdocs\event_organizer\system\CodeIgniter.php(825): App\Controllers\ProsesAwal->index()
#13 C:\xampp\htdocs\event_organizer\system\CodeIgniter.php(412): CodeIgniter\CodeIgniter->runController(Object(App\Controllers\ProsesAwal))
#14 C:\xampp\htdocs\event_organizer\system\CodeIgniter.php(320): CodeIgniter\CodeIgniter->handleRequest(NULL, Object(Config\Cache), false)
#15 C:\xampp\htdocs\event_organizer\public\index.php(37): CodeIgniter\CodeIgniter->run()
#16 {main}
CRITICAL - 2022-05-29 23:13:04 --> Array callback has to contain indices 0 and 1
#0 C:\xampp\htdocs\event_organizer\system\View\View.php(210): include()
#1 C:\xampp\htdocs\event_organizer\system\View\View.php(213): CodeIgniter\View\View->CodeIgniter\View\{closure}()
#2 C:\xampp\htdocs\event_organizer\system\Common.php(1089): CodeIgniter\View\View->render('proses/v_proses...', Array, true)
#3 C:\xampp\htdocs\event_organizer\app\Views\layout\v_content.php(3): view('proses/v_proses...')
#4 C:\xampp\htdocs\event_organizer\system\View\View.php(210): include('C:\\xampp\\htdocs...')
#5 C:\xampp\htdocs\event_organizer\system\View\View.php(213): CodeIgniter\View\View->CodeIgniter\View\{closure}()
#6 C:\xampp\htdocs\event_organizer\system\Common.php(1089): CodeIgniter\View\View->render('layout/v_conten...', Array, true)
#7 C:\xampp\htdocs\event_organizer\app\Views\layout\v_wrapper.php(4): view('layout/v_conten...')
#8 C:\xampp\htdocs\event_organizer\system\View\View.php(210): include('C:\\xampp\\htdocs...')
#9 C:\xampp\htdocs\event_organizer\system\View\View.php(213): CodeIgniter\View\View->CodeIgniter\View\{closure}()
#10 C:\xampp\htdocs\event_organizer\system\Common.php(1089): CodeIgniter\View\View->render('layout/v_wrappe...', Array, true)
#11 C:\xampp\htdocs\event_organizer\app\Controllers\ProsesAwal.php(33): view('layout/v_wrappe...', Array)
#12 C:\xampp\htdocs\event_organizer\system\CodeIgniter.php(825): App\Controllers\ProsesAwal->index()
#13 C:\xampp\htdocs\event_organizer\system\CodeIgniter.php(412): CodeIgniter\CodeIgniter->runController(Object(App\Controllers\ProsesAwal))
#14 C:\xampp\htdocs\event_organizer\system\CodeIgniter.php(320): CodeIgniter\CodeIgniter->handleRequest(NULL, Object(Config\Cache), false)
#15 C:\xampp\htdocs\event_organizer\public\index.php(37): CodeIgniter\CodeIgniter->run()
#16 {main}
CRITICAL - 2022-05-29 23:15:00 --> Function name must be a string
#0 C:\xampp\htdocs\event_organizer\system\View\View.php(210): include()
#1 C:\xampp\htdocs\event_organizer\system\View\View.php(213): CodeIgniter\View\View->CodeIgniter\View\{closure}()
#2 C:\xampp\htdocs\event_organizer\system\Common.php(1089): CodeIgniter\View\View->render('proses/v_proses...', Array, true)
#3 C:\xampp\htdocs\event_organizer\app\Views\layout\v_content.php(3): view('proses/v_proses...')
#4 C:\xampp\htdocs\event_organizer\system\View\View.php(210): include('C:\\xampp\\htdocs...')
#5 C:\xampp\htdocs\event_organizer\system\View\View.php(213): CodeIgniter\View\View->CodeIgniter\View\{closure}()
#6 C:\xampp\htdocs\event_organizer\system\Common.php(1089): CodeIgniter\View\View->render('layout/v_conten...', Array, true)
#7 C:\xampp\htdocs\event_organizer\app\Views\layout\v_wrapper.php(4): view('layout/v_conten...')
#8 C:\xampp\htdocs\event_organizer\system\View\View.php(210): include('C:\\xampp\\htdocs...')
#9 C:\xampp\htdocs\event_organizer\system\View\View.php(213): CodeIgniter\View\View->CodeIgniter\View\{closure}()
#10 C:\xampp\htdocs\event_organizer\system\Common.php(1089): CodeIgniter\View\View->render('layout/v_wrappe...', Array, true)
#11 C:\xampp\htdocs\event_organizer\app\Controllers\ProsesAwal.php(37): view('layout/v_wrappe...', Array)
#12 C:\xampp\htdocs\event_organizer\system\CodeIgniter.php(825): App\Controllers\ProsesAwal->index()
#13 C:\xampp\htdocs\event_organizer\system\CodeIgniter.php(412): CodeIgniter\CodeIgniter->runController(Object(App\Controllers\ProsesAwal))
#14 C:\xampp\htdocs\event_organizer\system\CodeIgniter.php(320): CodeIgniter\CodeIgniter->handleRequest(NULL, Object(Config\Cache), false)
#15 C:\xampp\htdocs\event_organizer\public\index.php(37): CodeIgniter\CodeIgniter->run()
#16 {main}
CRITICAL - 2022-05-29 23:15:42 --> Function name must be a string
#0 C:\xampp\htdocs\event_organizer\system\View\View.php(210): include()
#1 C:\xampp\htdocs\event_organizer\system\View\View.php(213): CodeIgniter\View\View->CodeIgniter\View\{closure}()
#2 C:\xampp\htdocs\event_organizer\system\Common.php(1089): CodeIgniter\View\View->render('proses/v_proses...', Array, true)
#3 C:\xampp\htdocs\event_organizer\app\Views\layout\v_content.php(3): view('proses/v_proses...')
#4 C:\xampp\htdocs\event_organizer\system\View\View.php(210): include('C:\\xampp\\htdocs...')
#5 C:\xampp\htdocs\event_organizer\system\View\View.php(213): CodeIgniter\View\View->CodeIgniter\View\{closure}()
#6 C:\xampp\htdocs\event_organizer\system\Common.php(1089): CodeIgniter\View\View->render('layout/v_conten...', Array, true)
#7 C:\xampp\htdocs\event_organizer\app\Views\layout\v_wrapper.php(4): view('layout/v_conten...')
#8 C:\xampp\htdocs\event_organizer\system\View\View.php(210): include('C:\\xampp\\htdocs...')
#9 C:\xampp\htdocs\event_organizer\system\View\View.php(213): CodeIgniter\View\View->CodeIgniter\View\{closure}()
#10 C:\xampp\htdocs\event_organizer\system\Common.php(1089): CodeIgniter\View\View->render('layout/v_wrappe...', Array, true)
#11 C:\xampp\htdocs\event_organizer\app\Controllers\ProsesAwal.php(37): view('layout/v_wrappe...', Array)
#12 C:\xampp\htdocs\event_organizer\system\CodeIgniter.php(825): App\Controllers\ProsesAwal->index()
#13 C:\xampp\htdocs\event_organizer\system\CodeIgniter.php(412): CodeIgniter\CodeIgniter->runController(Object(App\Controllers\ProsesAwal))
#14 C:\xampp\htdocs\event_organizer\system\CodeIgniter.php(320): CodeIgniter\CodeIgniter->handleRequest(NULL, Object(Config\Cache), false)
#15 C:\xampp\htdocs\event_organizer\public\index.php(37): CodeIgniter\CodeIgniter->run()
#16 {main}
CRITICAL - 2022-05-29 23:18:08 --> Call to a member function get() on null
#0 C:\xampp\htdocs\event_organizer\system\View\View.php(210): include()
#1 C:\xampp\htdocs\event_organizer\system\View\View.php(213): CodeIgniter\View\View->CodeIgniter\View\{closure}()
#2 C:\xampp\htdocs\event_organizer\system\Common.php(1089): CodeIgniter\View\View->render('proses/v_proses...', Array, true)
#3 C:\xampp\htdocs\event_organizer\app\Views\layout\v_content.php(3): view('proses/v_proses...')
#4 C:\xampp\htdocs\event_organizer\system\View\View.php(210): include('C:\\xampp\\htdocs...')
#5 C:\xampp\htdocs\event_organizer\system\View\View.php(213): CodeIgniter\View\View->CodeIgniter\View\{closure}()
#6 C:\xampp\htdocs\event_organizer\system\Common.php(1089): CodeIgniter\View\View->render('layout/v_conten...', Array, true)
#7 C:\xampp\htdocs\event_organizer\app\Views\layout\v_wrapper.php(4): view('layout/v_conten...')
#8 C:\xampp\htdocs\event_organizer\system\View\View.php(210): include('C:\\xampp\\htdocs...')
#9 C:\xampp\htdocs\event_organizer\system\View\View.php(213): CodeIgniter\View\View->CodeIgniter\View\{closure}()
#10 C:\xampp\htdocs\event_organizer\system\Common.php(1089): CodeIgniter\View\View->render('layout/v_wrappe...', Array, true)
#11 C:\xampp\htdocs\event_organizer\app\Controllers\ProsesAwal.php(37): view('layout/v_wrappe...', Array)
#12 C:\xampp\htdocs\event_organizer\system\CodeIgniter.php(825): App\Controllers\ProsesAwal->index()
#13 C:\xampp\htdocs\event_organizer\system\CodeIgniter.php(412): CodeIgniter\CodeIgniter->runController(Object(App\Controllers\ProsesAwal))
#14 C:\xampp\htdocs\event_organizer\system\CodeIgniter.php(320): CodeIgniter\CodeIgniter->handleRequest(NULL, Object(Config\Cache), false)
#15 C:\xampp\htdocs\event_organizer\public\index.php(37): CodeIgniter\CodeIgniter->run()
#16 {main}
CRITICAL - 2022-05-29 23:19:38 --> Function name must be a string
#0 C:\xampp\htdocs\event_organizer\system\View\View.php(210): include()
#1 C:\xampp\htdocs\event_organizer\system\View\View.php(213): CodeIgniter\View\View->CodeIgniter\View\{closure}()
#2 C:\xampp\htdocs\event_organizer\system\Common.php(1089): CodeIgniter\View\View->render('proses/v_proses...', Array, true)
#3 C:\xampp\htdocs\event_organizer\app\Views\layout\v_content.php(3): view('proses/v_proses...')
#4 C:\xampp\htdocs\event_organizer\system\View\View.php(210): include('C:\\xampp\\htdocs...')
#5 C:\xampp\htdocs\event_organizer\system\View\View.php(213): CodeIgniter\View\View->CodeIgniter\View\{closure}()
#6 C:\xampp\htdocs\event_organizer\system\Common.php(1089): CodeIgniter\View\View->render('layout/v_conten...', Array, true)
#7 C:\xampp\htdocs\event_organizer\app\Views\layout\v_wrapper.php(4): view('layout/v_conten...')
#8 C:\xampp\htdocs\event_organizer\system\View\View.php(210): include('C:\\xampp\\htdocs...')
#9 C:\xampp\htdocs\event_organizer\system\View\View.php(213): CodeIgniter\View\View->CodeIgniter\View\{closure}()
#10 C:\xampp\htdocs\event_organizer\system\Common.php(1089): CodeIgniter\View\View->render('layout/v_wrappe...', Array, true)
#11 C:\xampp\htdocs\event_organizer\app\Controllers\ProsesAwal.php(37): view('layout/v_wrappe...', Array)
#12 C:\xampp\htdocs\event_organizer\system\CodeIgniter.php(825): App\Controllers\ProsesAwal->index()
#13 C:\xampp\htdocs\event_organizer\system\CodeIgniter.php(412): CodeIgniter\CodeIgniter->runController(Object(App\Controllers\ProsesAwal))
#14 C:\xampp\htdocs\event_organizer\system\CodeIgniter.php(320): CodeIgniter\CodeIgniter->handleRequest(NULL, Object(Config\Cache), false)
#15 C:\xampp\htdocs\event_organizer\public\index.php(37): CodeIgniter\CodeIgniter->run()
#16 {main}
CRITICAL - 2022-05-29 23:20:02 --> Call to a member function get() on null
#0 C:\xampp\htdocs\event_organizer\system\View\View.php(210): include()
#1 C:\xampp\htdocs\event_organizer\system\View\View.php(213): CodeIgniter\View\View->CodeIgniter\View\{closure}()
#2 C:\xampp\htdocs\event_organizer\system\Common.php(1089): CodeIgniter\View\View->render('proses/v_proses...', Array, true)
#3 C:\xampp\htdocs\event_organizer\app\Views\layout\v_content.php(3): view('proses/v_proses...')
#4 C:\xampp\htdocs\event_organizer\system\View\View.php(210): include('C:\\xampp\\htdocs...')
#5 C:\xampp\htdocs\event_organizer\system\View\View.php(213): CodeIgniter\View\View->CodeIgniter\View\{closure}()
#6 C:\xampp\htdocs\event_organizer\system\Common.php(1089): CodeIgniter\View\View->render('layout/v_conten...', Array, true)
#7 C:\xampp\htdocs\event_organizer\app\Views\layout\v_wrapper.php(4): view('layout/v_conten...')
#8 C:\xampp\htdocs\event_organizer\system\View\View.php(210): include('C:\\xampp\\htdocs...')
#9 C:\xampp\htdocs\event_organizer\system\View\View.php(213): CodeIgniter\View\View->CodeIgniter\View\{closure}()
#10 C:\xampp\htdocs\event_organizer\system\Common.php(1089): CodeIgniter\View\View->render('layout/v_wrappe...', Array, true)
#11 C:\xampp\htdocs\event_organizer\app\Controllers\ProsesAwal.php(37): view('layout/v_wrappe...', Array)
#12 C:\xampp\htdocs\event_organizer\system\CodeIgniter.php(825): App\Controllers\ProsesAwal->index()
#13 C:\xampp\htdocs\event_organizer\system\CodeIgniter.php(412): CodeIgniter\CodeIgniter->runController(Object(App\Controllers\ProsesAwal))
#14 C:\xampp\htdocs\event_organizer\system\CodeIgniter.php(320): CodeIgniter\CodeIgniter->handleRequest(NULL, Object(Config\Cache), false)
#15 C:\xampp\htdocs\event_organizer\public\index.php(37): CodeIgniter\CodeIgniter->run()
#16 {main}
CRITICAL - 2022-05-29 23:21:52 --> Call to a member function get() on null
#0 C:\xampp\htdocs\event_organizer\system\View\View.php(210): include()
#1 C:\xampp\htdocs\event_organizer\system\View\View.php(213): CodeIgniter\View\View->CodeIgniter\View\{closure}()
#2 C:\xampp\htdocs\event_organizer\system\Common.php(1089): CodeIgniter\View\View->render('proses/v_proses...', Array, true)
#3 C:\xampp\htdocs\event_organizer\app\Views\layout\v_content.php(3): view('proses/v_proses...')
#4 C:\xampp\htdocs\event_organizer\system\View\View.php(210): include('C:\\xampp\\htdocs...')
#5 C:\xampp\htdocs\event_organizer\system\View\View.php(213): CodeIgniter\View\View->CodeIgniter\View\{closure}()
#6 C:\xampp\htdocs\event_organizer\system\Common.php(1089): CodeIgniter\View\View->render('layout/v_conten...', Array, true)
#7 C:\xampp\htdocs\event_organizer\app\Views\layout\v_wrapper.php(4): view('layout/v_conten...')
#8 C:\xampp\htdocs\event_organizer\system\View\View.php(210): include('C:\\xampp\\htdocs...')
#9 C:\xampp\htdocs\event_organizer\system\View\View.php(213): CodeIgniter\View\View->CodeIgniter\View\{closure}()
#10 C:\xampp\htdocs\event_organizer\system\Common.php(1089): CodeIgniter\View\View->render('layout/v_wrappe...', Array, true)
#11 C:\xampp\htdocs\event_organizer\app\Controllers\ProsesAwal.php(34): view('layout/v_wrappe...', Array)
#12 C:\xampp\htdocs\event_organizer\system\CodeIgniter.php(825): App\Controllers\ProsesAwal->index()
#13 C:\xampp\htdocs\event_organizer\system\CodeIgniter.php(412): CodeIgniter\CodeIgniter->runController(Object(App\Controllers\ProsesAwal))
#14 C:\xampp\htdocs\event_organizer\system\CodeIgniter.php(320): CodeIgniter\CodeIgniter->handleRequest(NULL, Object(Config\Cache), false)
#15 C:\xampp\htdocs\event_organizer\public\index.php(37): CodeIgniter\CodeIgniter->run()
#16 {main}
CRITICAL - 2022-05-29 23:23:04 --> Undefined variable: baris
#0 C:\xampp\htdocs\event_organizer\app\Controllers\ProsesAwal.php(97): CodeIgniter\Debug\Exceptions->errorHandler(8, 'Undefined varia...', 'C:\\xampp\\htdocs...', 97, Array)
#1 C:\xampp\htdocs\event_organizer\system\CodeIgniter.php(825): App\Controllers\ProsesAwal->hitung()
#2 C:\xampp\htdocs\event_organizer\system\CodeIgniter.php(412): CodeIgniter\CodeIgniter->runController(Object(App\Controllers\ProsesAwal))
#3 C:\xampp\htdocs\event_organizer\system\CodeIgniter.php(320): CodeIgniter\CodeIgniter->handleRequest(NULL, Object(Config\Cache), false)
#4 C:\xampp\htdocs\event_organizer\public\index.php(37): CodeIgniter\CodeIgniter->run()
#5 {main}
CRITICAL - 2022-05-29 23:24:42 --> Undefined variable: baris
#0 C:\xampp\htdocs\event_organizer\app\Controllers\ProsesAwal.php(96): CodeIgniter\Debug\Exceptions->errorHandler(8, 'Undefined varia...', 'C:\\xampp\\htdocs...', 96, Array)
#1 C:\xampp\htdocs\event_organizer\system\CodeIgniter.php(825): App\Controllers\ProsesAwal->hitung()
#2 C:\xampp\htdocs\event_organizer\system\CodeIgniter.php(412): CodeIgniter\CodeIgniter->runController(Object(App\Controllers\ProsesAwal))
#3 C:\xampp\htdocs\event_organizer\system\CodeIgniter.php(320): CodeIgniter\CodeIgniter->handleRequest(NULL, Object(Config\Cache), false)
#4 C:\xampp\htdocs\event_organizer\public\index.php(37): CodeIgniter\CodeIgniter->run()
#5 {main}
CRITICAL - 2022-05-29 23:24:59 --> Undefined variable: baris
#0 C:\xampp\htdocs\event_organizer\app\Controllers\ProsesAwal.php(96): CodeIgniter\Debug\Exceptions->errorHandler(8, 'Undefined varia...', 'C:\\xampp\\htdocs...', 96, Array)
#1 C:\xampp\htdocs\event_organizer\system\CodeIgniter.php(825): App\Controllers\ProsesAwal->hitung()
#2 C:\xampp\htdocs\event_organizer\system\CodeIgniter.php(412): CodeIgniter\CodeIgniter->runController(Object(App\Controllers\ProsesAwal))
#3 C:\xampp\htdocs\event_organizer\system\CodeIgniter.php(320): CodeIgniter\CodeIgniter->handleRequest(NULL, Object(Config\Cache), false)
#4 C:\xampp\htdocs\event_organizer\public\index.php(37): CodeIgniter\CodeIgniter->run()
#5 {main}
CRITICAL - 2022-05-29 23:25:23 --> Undefined variable: baris
#0 C:\xampp\htdocs\event_organizer\app\Controllers\ProsesAwal.php(96): CodeIgniter\Debug\Exceptions->errorHandler(8, 'Undefined varia...', 'C:\\xampp\\htdocs...', 96, Array)
#1 C:\xampp\htdocs\event_organizer\system\CodeIgniter.php(825): App\Controllers\ProsesAwal->hitung()
#2 C:\xampp\htdocs\event_organizer\system\CodeIgniter.php(412): CodeIgniter\CodeIgniter->runController(Object(App\Controllers\ProsesAwal))
#3 C:\xampp\htdocs\event_organizer\system\CodeIgniter.php(320): CodeIgniter\CodeIgniter->handleRequest(NULL, Object(Config\Cache), false)
#4 C:\xampp\htdocs\event_organizer\public\index.php(37): CodeIgniter\CodeIgniter->run()
#5 {main}
