CRITICAL - 2022-07-11 23:30:40 --> Undefined offset: 25
#0 C:\xampp\htdocs\event_organizer\app\Controllers\Electre.php(47): CodeIgniter\Debug\Exceptions->errorHandler(8, 'Undefined offse...', 'C:\\xampp\\htdocs...', 47, Array)
#1 C:\xampp\htdocs\event_organizer\system\CodeIgniter.php(825): App\Controllers\Electre->index()
#2 C:\xampp\htdocs\event_organizer\system\CodeIgniter.php(412): CodeIgniter\CodeIgniter->runController(Object(App\Controllers\Electre))
#3 C:\xampp\htdocs\event_organizer\system\CodeIgniter.php(320): CodeIgniter\CodeIgniter->handleRequest(NULL, Object(Config\Cache), false)
#4 C:\xampp\htdocs\event_organizer\public\index.php(37): CodeIgniter\CodeIgniter->run()
#5 {main}
CRITICAL - 2022-07-11 23:32:19 --> Undefined offset: 0
#0 C:\xampp\htdocs\event_organizer\app\Views\viewDashboard\v_electre.php(125): CodeIgniter\Debug\Exceptions->errorHandler(8, 'Undefined offse...', 'C:\\xampp\\htdocs...', 125, Array)
#1 C:\xampp\htdocs\event_organizer\system\View\View.php(210): include('C:\\xampp\\htdocs...')
#2 C:\xampp\htdocs\event_organizer\system\View\View.php(213): CodeIgniter\View\View->CodeIgniter\View\{closure}()
#3 C:\xampp\htdocs\event_organizer\system\Common.php(1089): CodeIgniter\View\View->render('viewDashboard/v...', Array, true)
#4 C:\xampp\htdocs\event_organizer\app\Views\dashboard\v_content.php(3): view('viewDashboard/v...')
#5 C:\xampp\htdocs\event_organizer\system\View\View.php(210): include('C:\\xampp\\htdocs...')
#6 C:\xampp\htdocs\event_organizer\system\View\View.php(213): CodeIgniter\View\View->CodeIgniter\View\{closure}()
#7 C:\xampp\htdocs\event_organizer\system\Common.php(1089): CodeIgniter\View\View->render('dashboard/v_con...', Array, true)
#8 C:\xampp\htdocs\event_organizer\app\Views\dashboard\v_wrapper.php(5): view('dashboard/v_con...')
#9 C:\xampp\htdocs\event_organizer\system\View\View.php(210): include('C:\\xampp\\htdocs...')
#10 C:\xampp\htdocs\event_organizer\system\View\View.php(213): CodeIgniter\View\View->CodeIgniter\View\{closure}()
#11 C:\xampp\htdocs\event_organizer\system\Common.php(1089): CodeIgniter\View\View->render('dashboard/v_wra...', Array, true)
#12 C:\xampp\htdocs\event_organizer\app\Controllers\Electre.php(127): view('dashboard/v_wra...', Array)
#13 C:\xampp\htdocs\event_organizer\system\CodeIgniter.php(825): App\Controllers\Electre->index()
#14 C:\xampp\htdocs\event_organizer\system\CodeIgniter.php(412): CodeIgniter\CodeIgniter->runController(Object(App\Controllers\Electre))
#15 C:\xampp\htdocs\event_organizer\system\CodeIgniter.php(320): CodeIgniter\CodeIgniter->handleRequest(NULL, Object(Config\Cache), false)
#16 C:\xampp\htdocs\event_organizer\public\index.php(37): CodeIgniter\CodeIgniter->run()
#17 {main}
CRITICAL - 2022-07-11 23:32:31 --> Undefined offset: 0
#0 C:\xampp\htdocs\event_organizer\app\Views\viewDashboard\v_electre.php(125): CodeIgniter\Debug\Exceptions->errorHandler(8, 'Undefined offse...', 'C:\\xampp\\htdocs...', 125, Array)
#1 C:\xampp\htdocs\event_organizer\system\View\View.php(210): include('C:\\xampp\\htdocs...')
#2 C:\xampp\htdocs\event_organizer\system\View\View.php(213): CodeIgniter\View\View->CodeIgniter\View\{closure}()
#3 C:\xampp\htdocs\event_organizer\system\Common.php(1089): CodeIgniter\View\View->render('viewDashboard/v...', Array, true)
#4 C:\xampp\htdocs\event_organizer\app\Views\dashboard\v_content.php(3): view('viewDashboard/v...')
#5 C:\xampp\htdocs\event_organizer\system\View\View.php(210): include('C:\\xampp\\htdocs...')
#6 C:\xampp\htdocs\event_organizer\system\View\View.php(213): CodeIgniter\View\View->CodeIgniter\View\{closure}()
#7 C:\xampp\htdocs\event_organizer\system\Common.php(1089): CodeIgniter\View\View->render('dashboard/v_con...', Array, true)
#8 C:\xampp\htdocs\event_organizer\app\Views\dashboard\v_wrapper.php(5): view('dashboard/v_con...')
#9 C:\xampp\htdocs\event_organizer\system\View\View.php(210): include('C:\\xampp\\htdocs...')
#10 C:\xampp\htdocs\event_organizer\system\View\View.php(213): CodeIgniter\View\View->CodeIgniter\View\{closure}()
#11 C:\xampp\htdocs\event_organizer\system\Common.php(1089): CodeIgniter\View\View->render('dashboard/v_wra...', Array, true)
#12 C:\xampp\htdocs\event_organizer\app\Controllers\Electre.php(127): view('dashboard/v_wra...', Array)
#13 C:\xampp\htdocs\event_organizer\system\CodeIgniter.php(825): App\Controllers\Electre->index()
#14 C:\xampp\htdocs\event_organizer\system\CodeIgniter.php(412): CodeIgniter\CodeIgniter->runController(Object(App\Controllers\Electre))
#15 C:\xampp\htdocs\event_organizer\system\CodeIgniter.php(320): CodeIgniter\CodeIgniter->handleRequest(NULL, Object(Config\Cache), false)
#16 C:\xampp\htdocs\event_organizer\public\index.php(37): CodeIgniter\CodeIgniter->run()
#17 {main}
CRITICAL - 2022-07-11 23:32:33 --> Undefined offset: 0
#0 C:\xampp\htdocs\event_organizer\app\Views\viewDashboard\v_electre.php(125): CodeIgniter\Debug\Exceptions->errorHandler(8, 'Undefined offse...', 'C:\\xampp\\htdocs...', 125, Array)
#1 C:\xampp\htdocs\event_organizer\system\View\View.php(210): include('C:\\xampp\\htdocs...')
#2 C:\xampp\htdocs\event_organizer\system\View\View.php(213): CodeIgniter\View\View->CodeIgniter\View\{closure}()
#3 C:\xampp\htdocs\event_organizer\system\Common.php(1089): CodeIgniter\View\View->render('viewDashboard/v...', Array, true)
#4 C:\xampp\htdocs\event_organizer\app\Views\dashboard\v_content.php(3): view('viewDashboard/v...')
#5 C:\xampp\htdocs\event_organizer\system\View\View.php(210): include('C:\\xampp\\htdocs...')
#6 C:\xampp\htdocs\event_organizer\system\View\View.php(213): CodeIgniter\View\View->CodeIgniter\View\{closure}()
#7 C:\xampp\htdocs\event_organizer\system\Common.php(1089): CodeIgniter\View\View->render('dashboard/v_con...', Array, true)
#8 C:\xampp\htdocs\event_organizer\app\Views\dashboard\v_wrapper.php(5): view('dashboard/v_con...')
#9 C:\xampp\htdocs\event_organizer\system\View\View.php(210): include('C:\\xampp\\htdocs...')
#10 C:\xampp\htdocs\event_organizer\system\View\View.php(213): CodeIgniter\View\View->CodeIgniter\View\{closure}()
#11 C:\xampp\htdocs\event_organizer\system\Common.php(1089): CodeIgniter\View\View->render('dashboard/v_wra...', Array, true)
#12 C:\xampp\htdocs\event_organizer\app\Controllers\Electre.php(127): view('dashboard/v_wra...', Array)
#13 C:\xampp\htdocs\event_organizer\system\CodeIgniter.php(825): App\Controllers\Electre->index()
#14 C:\xampp\htdocs\event_organizer\system\CodeIgniter.php(412): CodeIgniter\CodeIgniter->runController(Object(App\Controllers\Electre))
#15 C:\xampp\htdocs\event_organizer\system\CodeIgniter.php(320): CodeIgniter\CodeIgniter->handleRequest(NULL, Object(Config\Cache), false)
#16 C:\xampp\htdocs\event_organizer\public\index.php(37): CodeIgniter\CodeIgniter->run()
#17 {main}
CRITICAL - 2022-07-11 23:41:25 --> Undefined index: tempat
#0 C:\xampp\htdocs\event_organizer\app\Controllers\Electre.php(49): CodeIgniter\Debug\Exceptions->errorHandler(8, 'Undefined index...', 'C:\\xampp\\htdocs...', 49, Array)
#1 C:\xampp\htdocs\event_organizer\system\CodeIgniter.php(825): App\Controllers\Electre->index()
#2 C:\xampp\htdocs\event_organizer\system\CodeIgniter.php(412): CodeIgniter\CodeIgniter->runController(Object(App\Controllers\Electre))
#3 C:\xampp\htdocs\event_organizer\system\CodeIgniter.php(320): CodeIgniter\CodeIgniter->handleRequest(NULL, Object(Config\Cache), false)
#4 C:\xampp\htdocs\event_organizer\public\index.php(37): CodeIgniter\CodeIgniter->run()
#5 {main}
CRITICAL - 2022-07-11 23:45:53 --> Array to string conversion
#0 [internal function]: CodeIgniter\Debug\Exceptions->errorHandler(8, 'Array to string...', 'C:\\xampp\\htdocs...', 85, Array)
#1 C:\xampp\htdocs\event_organizer\app\Controllers\Electre.php(85): strval(Array)
#2 C:\xampp\htdocs\event_organizer\system\CodeIgniter.php(825): App\Controllers\Electre->index()
#3 C:\xampp\htdocs\event_organizer\system\CodeIgniter.php(412): CodeIgniter\CodeIgniter->runController(Object(App\Controllers\Electre))
#4 C:\xampp\htdocs\event_organizer\system\CodeIgniter.php(320): CodeIgniter\CodeIgniter->handleRequest(NULL, Object(Config\Cache), false)
#5 C:\xampp\htdocs\event_organizer\public\index.php(37): CodeIgniter\CodeIgniter->run()
#6 {main}
CRITICAL - 2022-07-11 23:46:31 --> Unsupported operand types
#0 C:\xampp\htdocs\event_organizer\system\View\View.php(210): include()
#1 C:\xampp\htdocs\event_organizer\system\View\View.php(213): CodeIgniter\View\View->CodeIgniter\View\{closure}()
#2 C:\xampp\htdocs\event_organizer\system\Common.php(1089): CodeIgniter\View\View->render('viewDashboard/v...', Array, true)
#3 C:\xampp\htdocs\event_organizer\app\Views\dashboard\v_content.php(3): view('viewDashboard/v...')
#4 C:\xampp\htdocs\event_organizer\system\View\View.php(210): include('C:\\xampp\\htdocs...')
#5 C:\xampp\htdocs\event_organizer\system\View\View.php(213): CodeIgniter\View\View->CodeIgniter\View\{closure}()
#6 C:\xampp\htdocs\event_organizer\system\Common.php(1089): CodeIgniter\View\View->render('dashboard/v_con...', Array, true)
#7 C:\xampp\htdocs\event_organizer\app\Views\dashboard\v_wrapper.php(5): view('dashboard/v_con...')
#8 C:\xampp\htdocs\event_organizer\system\View\View.php(210): include('C:\\xampp\\htdocs...')
#9 C:\xampp\htdocs\event_organizer\system\View\View.php(213): CodeIgniter\View\View->CodeIgniter\View\{closure}()
#10 C:\xampp\htdocs\event_organizer\system\Common.php(1089): CodeIgniter\View\View->render('dashboard/v_wra...', Array, true)
#11 C:\xampp\htdocs\event_organizer\app\Controllers\Electre.php(142): view('dashboard/v_wra...', Array)
#12 C:\xampp\htdocs\event_organizer\system\CodeIgniter.php(825): App\Controllers\Electre->index()
#13 C:\xampp\htdocs\event_organizer\system\CodeIgniter.php(412): CodeIgniter\CodeIgniter->runController(Object(App\Controllers\Electre))
#14 C:\xampp\htdocs\event_organizer\system\CodeIgniter.php(320): CodeIgniter\CodeIgniter->handleRequest(NULL, Object(Config\Cache), false)
#15 C:\xampp\htdocs\event_organizer\public\index.php(37): CodeIgniter\CodeIgniter->run()
#16 {main}
CRITICAL - 2022-07-11 23:46:40 --> Array to string conversion
#0 [internal function]: CodeIgniter\Debug\Exceptions->errorHandler(8, 'Array to string...', 'C:\\xampp\\htdocs...', 85, Array)
#1 C:\xampp\htdocs\event_organizer\app\Controllers\Electre.php(85): strval(Array)
#2 C:\xampp\htdocs\event_organizer\system\CodeIgniter.php(825): App\Controllers\Electre->index()
#3 C:\xampp\htdocs\event_organizer\system\CodeIgniter.php(412): CodeIgniter\CodeIgniter->runController(Object(App\Controllers\Electre))
#4 C:\xampp\htdocs\event_organizer\system\CodeIgniter.php(320): CodeIgniter\CodeIgniter->handleRequest(NULL, Object(Config\Cache), false)
#5 C:\xampp\htdocs\event_organizer\public\index.php(37): CodeIgniter\CodeIgniter->run()
#6 {main}
CRITICAL - 2022-07-11 23:46:54 --> Array to string conversion
#0 [internal function]: CodeIgniter\Debug\Exceptions->errorHandler(8, 'Array to string...', 'C:\\xampp\\htdocs...', 85, Array)
#1 C:\xampp\htdocs\event_organizer\app\Controllers\Electre.php(85): strval(Array)
#2 C:\xampp\htdocs\event_organizer\system\CodeIgniter.php(825): App\Controllers\Electre->index()
#3 C:\xampp\htdocs\event_organizer\system\CodeIgniter.php(412): CodeIgniter\CodeIgniter->runController(Object(App\Controllers\Electre))
#4 C:\xampp\htdocs\event_organizer\system\CodeIgniter.php(320): CodeIgniter\CodeIgniter->handleRequest(NULL, Object(Config\Cache), false)
#5 C:\xampp\htdocs\event_organizer\public\index.php(37): CodeIgniter\CodeIgniter->run()
#6 {main}
CRITICAL - 2022-07-11 23:46:55 --> Array to string conversion
#0 [internal function]: CodeIgniter\Debug\Exceptions->errorHandler(8, 'Array to string...', 'C:\\xampp\\htdocs...', 85, Array)
#1 C:\xampp\htdocs\event_organizer\app\Controllers\Electre.php(85): strval(Array)
#2 C:\xampp\htdocs\event_organizer\system\CodeIgniter.php(825): App\Controllers\Electre->index()
#3 C:\xampp\htdocs\event_organizer\system\CodeIgniter.php(412): CodeIgniter\CodeIgniter->runController(Object(App\Controllers\Electre))
#4 C:\xampp\htdocs\event_organizer\system\CodeIgniter.php(320): CodeIgniter\CodeIgniter->handleRequest(NULL, Object(Config\Cache), false)
#5 C:\xampp\htdocs\event_organizer\public\index.php(37): CodeIgniter\CodeIgniter->run()
#6 {main}
CRITICAL - 2022-07-11 23:47:10 --> Array to string conversion
#0 [internal function]: CodeIgniter\Debug\Exceptions->errorHandler(8, 'Array to string...', 'C:\\xampp\\htdocs...', 85, Array)
#1 C:\xampp\htdocs\event_organizer\app\Controllers\Electre.php(85): strval(Array)
#2 C:\xampp\htdocs\event_organizer\system\CodeIgniter.php(825): App\Controllers\Electre->index()
#3 C:\xampp\htdocs\event_organizer\system\CodeIgniter.php(412): CodeIgniter\CodeIgniter->runController(Object(App\Controllers\Electre))
#4 C:\xampp\htdocs\event_organizer\system\CodeIgniter.php(320): CodeIgniter\CodeIgniter->handleRequest(NULL, Object(Config\Cache), false)
#5 C:\xampp\htdocs\event_organizer\public\index.php(37): CodeIgniter\CodeIgniter->run()
#6 {main}
CRITICAL - 2022-07-11 23:47:11 --> Array to string conversion
#0 [internal function]: CodeIgniter\Debug\Exceptions->errorHandler(8, 'Array to string...', 'C:\\xampp\\htdocs...', 85, Array)
#1 C:\xampp\htdocs\event_organizer\app\Controllers\Electre.php(85): strval(Array)
#2 C:\xampp\htdocs\event_organizer\system\CodeIgniter.php(825): App\Controllers\Electre->index()
#3 C:\xampp\htdocs\event_organizer\system\CodeIgniter.php(412): CodeIgniter\CodeIgniter->runController(Object(App\Controllers\Electre))
#4 C:\xampp\htdocs\event_organizer\system\CodeIgniter.php(320): CodeIgniter\CodeIgniter->handleRequest(NULL, Object(Config\Cache), false)
#5 C:\xampp\htdocs\event_organizer\public\index.php(37): CodeIgniter\CodeIgniter->run()
#6 {main}
CRITICAL - 2022-07-11 23:47:11 --> Array to string conversion
#0 [internal function]: CodeIgniter\Debug\Exceptions->errorHandler(8, 'Array to string...', 'C:\\xampp\\htdocs...', 85, Array)
#1 C:\xampp\htdocs\event_organizer\app\Controllers\Electre.php(85): strval(Array)
#2 C:\xampp\htdocs\event_organizer\system\CodeIgniter.php(825): App\Controllers\Electre->index()
#3 C:\xampp\htdocs\event_organizer\system\CodeIgniter.php(412): CodeIgniter\CodeIgniter->runController(Object(App\Controllers\Electre))
#4 C:\xampp\htdocs\event_organizer\system\CodeIgniter.php(320): CodeIgniter\CodeIgniter->handleRequest(NULL, Object(Config\Cache), false)
#5 C:\xampp\htdocs\event_organizer\public\index.php(37): CodeIgniter\CodeIgniter->run()
#6 {main}
CRITICAL - 2022-07-11 23:52:11 --> Array to string conversion
#0 C:\xampp\htdocs\event_organizer\app\Views\viewDashboard\v_electre.php(133): CodeIgniter\Debug\Exceptions->errorHandler(8, 'Array to string...', 'C:\\xampp\\htdocs...', 133, Array)
#1 C:\xampp\htdocs\event_organizer\system\View\View.php(210): include('C:\\xampp\\htdocs...')
#2 C:\xampp\htdocs\event_organizer\system\View\View.php(213): CodeIgniter\View\View->CodeIgniter\View\{closure}()
#3 C:\xampp\htdocs\event_organizer\system\Common.php(1089): CodeIgniter\View\View->render('viewDashboard/v...', Array, true)
#4 C:\xampp\htdocs\event_organizer\app\Views\dashboard\v_content.php(3): view('viewDashboard/v...')
#5 C:\xampp\htdocs\event_organizer\system\View\View.php(210): include('C:\\xampp\\htdocs...')
#6 C:\xampp\htdocs\event_organizer\system\View\View.php(213): CodeIgniter\View\View->CodeIgniter\View\{closure}()
#7 C:\xampp\htdocs\event_organizer\system\Common.php(1089): CodeIgniter\View\View->render('dashboard/v_con...', Array, true)
#8 C:\xampp\htdocs\event_organizer\app\Views\dashboard\v_wrapper.php(5): view('dashboard/v_con...')
#9 C:\xampp\htdocs\event_organizer\system\View\View.php(210): include('C:\\xampp\\htdocs...')
#10 C:\xampp\htdocs\event_organizer\system\View\View.php(213): CodeIgniter\View\View->CodeIgniter\View\{closure}()
#11 C:\xampp\htdocs\event_organizer\system\Common.php(1089): CodeIgniter\View\View->render('dashboard/v_wra...', Array, true)
#12 C:\xampp\htdocs\event_organizer\app\Controllers\Electre.php(146): view('dashboard/v_wra...', Array)
#13 C:\xampp\htdocs\event_organizer\system\CodeIgniter.php(825): App\Controllers\Electre->index()
#14 C:\xampp\htdocs\event_organizer\system\CodeIgniter.php(412): CodeIgniter\CodeIgniter->runController(Object(App\Controllers\Electre))
#15 C:\xampp\htdocs\event_organizer\system\CodeIgniter.php(320): CodeIgniter\CodeIgniter->handleRequest(NULL, Object(Config\Cache), false)
#16 C:\xampp\htdocs\event_organizer\public\index.php(37): CodeIgniter\CodeIgniter->run()
#17 {main}
CRITICAL - 2022-07-11 23:52:22 --> Array to string conversion
#0 C:\xampp\htdocs\event_organizer\app\Views\viewDashboard\v_electre.php(133): CodeIgniter\Debug\Exceptions->errorHandler(8, 'Array to string...', 'C:\\xampp\\htdocs...', 133, Array)
#1 C:\xampp\htdocs\event_organizer\system\View\View.php(210): include('C:\\xampp\\htdocs...')
#2 C:\xampp\htdocs\event_organizer\system\View\View.php(213): CodeIgniter\View\View->CodeIgniter\View\{closure}()
#3 C:\xampp\htdocs\event_organizer\system\Common.php(1089): CodeIgniter\View\View->render('viewDashboard/v...', Array, true)
#4 C:\xampp\htdocs\event_organizer\app\Views\dashboard\v_content.php(3): view('viewDashboard/v...')
#5 C:\xampp\htdocs\event_organizer\system\View\View.php(210): include('C:\\xampp\\htdocs...')
#6 C:\xampp\htdocs\event_organizer\system\View\View.php(213): CodeIgniter\View\View->CodeIgniter\View\{closure}()
#7 C:\xampp\htdocs\event_organizer\system\Common.php(1089): CodeIgniter\View\View->render('dashboard/v_con...', Array, true)
#8 C:\xampp\htdocs\event_organizer\app\Views\dashboard\v_wrapper.php(5): view('dashboard/v_con...')
#9 C:\xampp\htdocs\event_organizer\system\View\View.php(210): include('C:\\xampp\\htdocs...')
#10 C:\xampp\htdocs\event_organizer\system\View\View.php(213): CodeIgniter\View\View->CodeIgniter\View\{closure}()
#11 C:\xampp\htdocs\event_organizer\system\Common.php(1089): CodeIgniter\View\View->render('dashboard/v_wra...', Array, true)
#12 C:\xampp\htdocs\event_organizer\app\Controllers\Electre.php(146): view('dashboard/v_wra...', Array)
#13 C:\xampp\htdocs\event_organizer\system\CodeIgniter.php(825): App\Controllers\Electre->index()
#14 C:\xampp\htdocs\event_organizer\system\CodeIgniter.php(412): CodeIgniter\CodeIgniter->runController(Object(App\Controllers\Electre))
#15 C:\xampp\htdocs\event_organizer\system\CodeIgniter.php(320): CodeIgniter\CodeIgniter->handleRequest(NULL, Object(Config\Cache), false)
#16 C:\xampp\htdocs\event_organizer\public\index.php(37): CodeIgniter\CodeIgniter->run()
#17 {main}
CRITICAL - 2022-07-11 23:52:23 --> Array to string conversion
#0 C:\xampp\htdocs\event_organizer\app\Views\viewDashboard\v_electre.php(133): CodeIgniter\Debug\Exceptions->errorHandler(8, 'Array to string...', 'C:\\xampp\\htdocs...', 133, Array)
#1 C:\xampp\htdocs\event_organizer\system\View\View.php(210): include('C:\\xampp\\htdocs...')
#2 C:\xampp\htdocs\event_organizer\system\View\View.php(213): CodeIgniter\View\View->CodeIgniter\View\{closure}()
#3 C:\xampp\htdocs\event_organizer\system\Common.php(1089): CodeIgniter\View\View->render('viewDashboard/v...', Array, true)
#4 C:\xampp\htdocs\event_organizer\app\Views\dashboard\v_content.php(3): view('viewDashboard/v...')
#5 C:\xampp\htdocs\event_organizer\system\View\View.php(210): include('C:\\xampp\\htdocs...')
#6 C:\xampp\htdocs\event_organizer\system\View\View.php(213): CodeIgniter\View\View->CodeIgniter\View\{closure}()
#7 C:\xampp\htdocs\event_organizer\system\Common.php(1089): CodeIgniter\View\View->render('dashboard/v_con...', Array, true)
#8 C:\xampp\htdocs\event_organizer\app\Views\dashboard\v_wrapper.php(5): view('dashboard/v_con...')
#9 C:\xampp\htdocs\event_organizer\system\View\View.php(210): include('C:\\xampp\\htdocs...')
#10 C:\xampp\htdocs\event_organizer\system\View\View.php(213): CodeIgniter\View\View->CodeIgniter\View\{closure}()
#11 C:\xampp\htdocs\event_organizer\system\Common.php(1089): CodeIgniter\View\View->render('dashboard/v_wra...', Array, true)
#12 C:\xampp\htdocs\event_organizer\app\Controllers\Electre.php(146): view('dashboard/v_wra...', Array)
#13 C:\xampp\htdocs\event_organizer\system\CodeIgniter.php(825): App\Controllers\Electre->index()
#14 C:\xampp\htdocs\event_organizer\system\CodeIgniter.php(412): CodeIgniter\CodeIgniter->runController(Object(App\Controllers\Electre))
#15 C:\xampp\htdocs\event_organizer\system\CodeIgniter.php(320): CodeIgniter\CodeIgniter->handleRequest(NULL, Object(Config\Cache), false)
#16 C:\xampp\htdocs\event_organizer\public\index.php(37): CodeIgniter\CodeIgniter->run()
#17 {main}
CRITICAL - 2022-07-11 23:52:28 --> Array to string conversion
#0 C:\xampp\htdocs\event_organizer\app\Views\viewDashboard\v_electre.php(133): CodeIgniter\Debug\Exceptions->errorHandler(8, 'Array to string...', 'C:\\xampp\\htdocs...', 133, Array)
#1 C:\xampp\htdocs\event_organizer\system\View\View.php(210): include('C:\\xampp\\htdocs...')
#2 C:\xampp\htdocs\event_organizer\system\View\View.php(213): CodeIgniter\View\View->CodeIgniter\View\{closure}()
#3 C:\xampp\htdocs\event_organizer\system\Common.php(1089): CodeIgniter\View\View->render('viewDashboard/v...', Array, true)
#4 C:\xampp\htdocs\event_organizer\app\Views\dashboard\v_content.php(3): view('viewDashboard/v...')
#5 C:\xampp\htdocs\event_organizer\system\View\View.php(210): include('C:\\xampp\\htdocs...')
#6 C:\xampp\htdocs\event_organizer\system\View\View.php(213): CodeIgniter\View\View->CodeIgniter\View\{closure}()
#7 C:\xampp\htdocs\event_organizer\system\Common.php(1089): CodeIgniter\View\View->render('dashboard/v_con...', Array, true)
#8 C:\xampp\htdocs\event_organizer\app\Views\dashboard\v_wrapper.php(5): view('dashboard/v_con...')
#9 C:\xampp\htdocs\event_organizer\system\View\View.php(210): include('C:\\xampp\\htdocs...')
#10 C:\xampp\htdocs\event_organizer\system\View\View.php(213): CodeIgniter\View\View->CodeIgniter\View\{closure}()
#11 C:\xampp\htdocs\event_organizer\system\Common.php(1089): CodeIgniter\View\View->render('dashboard/v_wra...', Array, true)
#12 C:\xampp\htdocs\event_organizer\app\Controllers\Electre.php(146): view('dashboard/v_wra...', Array)
#13 C:\xampp\htdocs\event_organizer\system\CodeIgniter.php(825): App\Controllers\Electre->index()
#14 C:\xampp\htdocs\event_organizer\system\CodeIgniter.php(412): CodeIgniter\CodeIgniter->runController(Object(App\Controllers\Electre))
#15 C:\xampp\htdocs\event_organizer\system\CodeIgniter.php(320): CodeIgniter\CodeIgniter->handleRequest(NULL, Object(Config\Cache), false)
#16 C:\xampp\htdocs\event_organizer\public\index.php(37): CodeIgniter\CodeIgniter->run()
#17 {main}
CRITICAL - 2022-07-11 23:54:50 --> Undefined index: skor
#0 C:\xampp\htdocs\event_organizer\app\Controllers\Electre.php(114): CodeIgniter\Debug\Exceptions->errorHandler(8, 'Undefined index...', 'C:\\xampp\\htdocs...', 114, Array)
#1 C:\xampp\htdocs\event_organizer\system\CodeIgniter.php(825): App\Controllers\Electre->index()
#2 C:\xampp\htdocs\event_organizer\system\CodeIgniter.php(412): CodeIgniter\CodeIgniter->runController(Object(App\Controllers\Electre))
#3 C:\xampp\htdocs\event_organizer\system\CodeIgniter.php(320): CodeIgniter\CodeIgniter->handleRequest(NULL, Object(Config\Cache), false)
#4 C:\xampp\htdocs\event_organizer\public\index.php(37): CodeIgniter\CodeIgniter->run()
#5 {main}
CRITICAL - 2022-07-11 23:54:51 --> Undefined index: skor
#0 C:\xampp\htdocs\event_organizer\app\Controllers\Electre.php(114): CodeIgniter\Debug\Exceptions->errorHandler(8, 'Undefined index...', 'C:\\xampp\\htdocs...', 114, Array)
#1 C:\xampp\htdocs\event_organizer\system\CodeIgniter.php(825): App\Controllers\Electre->index()
#2 C:\xampp\htdocs\event_organizer\system\CodeIgniter.php(412): CodeIgniter\CodeIgniter->runController(Object(App\Controllers\Electre))
#3 C:\xampp\htdocs\event_organizer\system\CodeIgniter.php(320): CodeIgniter\CodeIgniter->handleRequest(NULL, Object(Config\Cache), false)
#4 C:\xampp\htdocs\event_organizer\public\index.php(37): CodeIgniter\CodeIgniter->run()
#5 {main}
CRITICAL - 2022-07-11 23:54:52 --> Undefined index: skor
#0 C:\xampp\htdocs\event_organizer\app\Controllers\Electre.php(114): CodeIgniter\Debug\Exceptions->errorHandler(8, 'Undefined index...', 'C:\\xampp\\htdocs...', 114, Array)
#1 C:\xampp\htdocs\event_organizer\system\CodeIgniter.php(825): App\Controllers\Electre->index()
#2 C:\xampp\htdocs\event_organizer\system\CodeIgniter.php(412): CodeIgniter\CodeIgniter->runController(Object(App\Controllers\Electre))
#3 C:\xampp\htdocs\event_organizer\system\CodeIgniter.php(320): CodeIgniter\CodeIgniter->handleRequest(NULL, Object(Config\Cache), false)
#4 C:\xampp\htdocs\event_organizer\public\index.php(37): CodeIgniter\CodeIgniter->run()
#5 {main}
