CRITICAL - 2022-05-05 11:40:55 --> unlink(C:\xampp\htdocs\event_organizer\writable\debugbar/debugbar_1651768293.json): No such file or directory
#0 [internal function]: CodeIgniter\Debug\Exceptions->errorHandler(2, 'unlink(C:\\xampp...', 'C:\\xampp\\htdocs...', 74, Array)
#1 C:\xampp\htdocs\event_organizer\system\Debug\Toolbar\Collectors\History.php(74): unlink('C:\\xampp\\htdocs...')
#2 C:\xampp\htdocs\event_organizer\system\Debug\Toolbar.php(487): CodeIgniter\Debug\Toolbar\Collectors\History->setFiles(1651768810, 20)
#3 C:\xampp\htdocs\event_organizer\system\Debug\Toolbar.php(464): CodeIgniter\Debug\Toolbar->format(Array, 'html')
#4 C:\xampp\htdocs\event_organizer\app\Config\Events.php(48): CodeIgniter\Debug\Toolbar->respond()
#5 C:\xampp\htdocs\event_organizer\system\Events\Events.php(149): CodeIgniter\Events\Events::Config\{closure}()
#6 C:\xampp\htdocs\event_organizer\system\CodeIgniter.php(302): CodeIgniter\Events\Events::trigger('pre_system')
#7 C:\xampp\htdocs\event_organizer\public\index.php(37): CodeIgniter\CodeIgniter->run()
#8 {main}
CRITICAL - 2022-05-05 11:41:59 --> unlink(C:\xampp\htdocs\event_organizer\writable\debugbar/debugbar_1651768464.json): No such file or directory
#0 [internal function]: CodeIgniter\Debug\Exceptions->errorHandler(2, 'unlink(C:\\xampp...', 'C:\\xampp\\htdocs...', 74, Array)
#1 C:\xampp\htdocs\event_organizer\system\Debug\Toolbar\Collectors\History.php(74): unlink('C:\\xampp\\htdocs...')
#2 C:\xampp\htdocs\event_organizer\system\Debug\Toolbar.php(487): CodeIgniter\Debug\Toolbar\Collectors\History->setFiles(1651768886, 20)
#3 C:\xampp\htdocs\event_organizer\system\Debug\Toolbar.php(464): CodeIgniter\Debug\Toolbar->format(Array, 'html')
#4 C:\xampp\htdocs\event_organizer\app\Config\Events.php(48): CodeIgniter\Debug\Toolbar->respond()
#5 C:\xampp\htdocs\event_organizer\system\Events\Events.php(149): CodeIgniter\Events\Events::Config\{closure}()
#6 C:\xampp\htdocs\event_organizer\system\CodeIgniter.php(302): CodeIgniter\Events\Events::trigger('pre_system')
#7 C:\xampp\htdocs\event_organizer\public\index.php(37): CodeIgniter\CodeIgniter->run()
#8 {main}
CRITICAL - 2022-05-05 11:41:59 --> unlink(C:\xampp\htdocs\event_organizer\writable\debugbar/debugbar_1651768464.json): No such file or directory
#0 [internal function]: CodeIgniter\Debug\Exceptions->errorHandler(2, 'unlink(C:\\xampp...', 'C:\\xampp\\htdocs...', 74, Array)
#1 C:\xampp\htdocs\event_organizer\system\Debug\Toolbar\Collectors\History.php(74): unlink('C:\\xampp\\htdocs...')
#2 C:\xampp\htdocs\event_organizer\system\Debug\Toolbar.php(487): CodeIgniter\Debug\Toolbar\Collectors\History->setFiles(1651768881, 20)
#3 C:\xampp\htdocs\event_organizer\system\Debug\Toolbar.php(464): CodeIgniter\Debug\Toolbar->format(Array, 'html')
#4 C:\xampp\htdocs\event_organizer\app\Config\Events.php(48): CodeIgniter\Debug\Toolbar->respond()
#5 C:\xampp\htdocs\event_organizer\system\Events\Events.php(149): CodeIgniter\Events\Events::Config\{closure}()
#6 C:\xampp\htdocs\event_organizer\system\CodeIgniter.php(302): CodeIgniter\Events\Events::trigger('pre_system')
#7 C:\xampp\htdocs\event_organizer\public\index.php(37): CodeIgniter\CodeIgniter->run()
#8 {main}
