CRITICAL - 2022-08-08 01:51:55 --> Trying to get property 'nama_kategori' of non-object
#0 C:\xampp\htdocs\event_organizer\app\Views\v_detailEvent.php(25): CodeIgniter\Debug\Exceptions->errorHandler(8, 'Trying to get p...', 'C:\\xampp\\htdocs...', 25, Array)
#1 C:\xampp\htdocs\event_organizer\system\View\View.php(210): include('C:\\xampp\\htdocs...')
#2 C:\xampp\htdocs\event_organizer\system\View\View.php(213): CodeIgniter\View\View->CodeIgniter\View\{closure}()
#3 C:\xampp\htdocs\event_organizer\system\Common.php(1089): CodeIgniter\View\View->render('v_detailEvent', Array, true)
#4 C:\xampp\htdocs\event_organizer\app\Views\Layout\v_content.php(3): view('v_detailEvent')
#5 C:\xampp\htdocs\event_organizer\system\View\View.php(210): include('C:\\xampp\\htdocs...')
#6 C:\xampp\htdocs\event_organizer\system\View\View.php(213): CodeIgniter\View\View->CodeIgniter\View\{closure}()
#7 C:\xampp\htdocs\event_organizer\system\Common.php(1089): CodeIgniter\View\View->render('Layout/v_conten...', Array, true)
#8 C:\xampp\htdocs\event_organizer\app\Views\Layout\v_wrapper.php(4): view('Layout/v_conten...')
#9 C:\xampp\htdocs\event_organizer\system\View\View.php(210): include('C:\\xampp\\htdocs...')
#10 C:\xampp\htdocs\event_organizer\system\View\View.php(213): CodeIgniter\View\View->CodeIgniter\View\{closure}()
#11 C:\xampp\htdocs\event_organizer\system\Common.php(1089): CodeIgniter\View\View->render('Layout/v_wrappe...', Array, true)
#12 C:\xampp\htdocs\event_organizer\app\Controllers\DetailEvent.php(52): view('Layout/v_wrappe...', Array)
#13 C:\xampp\htdocs\event_organizer\system\CodeIgniter.php(825): App\Controllers\DetailEvent->detailEvent('template', 'plugins', 'jquery', 'jquery.min.js')
#14 C:\xampp\htdocs\event_organizer\system\CodeIgniter.php(412): CodeIgniter\CodeIgniter->runController(Object(App\Controllers\DetailEvent))
#15 C:\xampp\htdocs\event_organizer\system\CodeIgniter.php(320): CodeIgniter\CodeIgniter->handleRequest(NULL, Object(Config\Cache), false)
#16 C:\xampp\htdocs\event_organizer\public\index.php(37): CodeIgniter\CodeIgniter->run()
#17 {main}
CRITICAL - 2022-08-08 01:51:55 --> Trying to get property 'nama_kategori' of non-object
#0 C:\xampp\htdocs\event_organizer\app\Views\v_detailEvent.php(25): CodeIgniter\Debug\Exceptions->errorHandler(8, 'Trying to get p...', 'C:\\xampp\\htdocs...', 25, Array)
#1 C:\xampp\htdocs\event_organizer\system\View\View.php(210): include('C:\\xampp\\htdocs...')
#2 C:\xampp\htdocs\event_organizer\system\View\View.php(213): CodeIgniter\View\View->CodeIgniter\View\{closure}()
#3 C:\xampp\htdocs\event_organizer\system\Common.php(1089): CodeIgniter\View\View->render('v_detailEvent', Array, true)
#4 C:\xampp\htdocs\event_organizer\app\Views\Layout\v_content.php(3): view('v_detailEvent')
#5 C:\xampp\htdocs\event_organizer\system\View\View.php(210): include('C:\\xampp\\htdocs...')
#6 C:\xampp\htdocs\event_organizer\system\View\View.php(213): CodeIgniter\View\View->CodeIgniter\View\{closure}()
#7 C:\xampp\htdocs\event_organizer\system\Common.php(1089): CodeIgniter\View\View->render('Layout/v_conten...', Array, true)
#8 C:\xampp\htdocs\event_organizer\app\Views\Layout\v_wrapper.php(4): view('Layout/v_conten...')
#9 C:\xampp\htdocs\event_organizer\system\View\View.php(210): include('C:\\xampp\\htdocs...')
#10 C:\xampp\htdocs\event_organizer\system\View\View.php(213): CodeIgniter\View\View->CodeIgniter\View\{closure}()
#11 C:\xampp\htdocs\event_organizer\system\Common.php(1089): CodeIgniter\View\View->render('Layout/v_wrappe...', Array, true)
#12 C:\xampp\htdocs\event_organizer\app\Controllers\DetailEvent.php(52): view('Layout/v_wrappe...', Array)
#13 C:\xampp\htdocs\event_organizer\system\CodeIgniter.php(825): App\Controllers\DetailEvent->detailEvent('template', 'plugins', 'bootstrap', 'js', 'bootstrap.bundl...')
#14 C:\xampp\htdocs\event_organizer\system\CodeIgniter.php(412): CodeIgniter\CodeIgniter->runController(Object(App\Controllers\DetailEvent))
#15 C:\xampp\htdocs\event_organizer\system\CodeIgniter.php(320): CodeIgniter\CodeIgniter->handleRequest(NULL, Object(Config\Cache), false)
#16 C:\xampp\htdocs\event_organizer\public\index.php(37): CodeIgniter\CodeIgniter->run()
#17 {main}
CRITICAL - 2022-08-08 01:51:55 --> Trying to get property 'nama_kategori' of non-object
#0 C:\xampp\htdocs\event_organizer\app\Views\v_detailEvent.php(25): CodeIgniter\Debug\Exceptions->errorHandler(8, 'Trying to get p...', 'C:\\xampp\\htdocs...', 25, Array)
#1 C:\xampp\htdocs\event_organizer\system\View\View.php(210): include('C:\\xampp\\htdocs...')
#2 C:\xampp\htdocs\event_organizer\system\View\View.php(213): CodeIgniter\View\View->CodeIgniter\View\{closure}()
#3 C:\xampp\htdocs\event_organizer\system\Common.php(1089): CodeIgniter\View\View->render('v_detailEvent', Array, true)
#4 C:\xampp\htdocs\event_organizer\app\Views\Layout\v_content.php(3): view('v_detailEvent')
#5 C:\xampp\htdocs\event_organizer\system\View\View.php(210): include('C:\\xampp\\htdocs...')
#6 C:\xampp\htdocs\event_organizer\system\View\View.php(213): CodeIgniter\View\View->CodeIgniter\View\{closure}()
#7 C:\xampp\htdocs\event_organizer\system\Common.php(1089): CodeIgniter\View\View->render('Layout/v_conten...', Array, true)
#8 C:\xampp\htdocs\event_organizer\app\Views\Layout\v_wrapper.php(4): view('Layout/v_conten...')
#9 C:\xampp\htdocs\event_organizer\system\View\View.php(210): include('C:\\xampp\\htdocs...')
#10 C:\xampp\htdocs\event_organizer\system\View\View.php(213): CodeIgniter\View\View->CodeIgniter\View\{closure}()
#11 C:\xampp\htdocs\event_organizer\system\Common.php(1089): CodeIgniter\View\View->render('Layout/v_wrappe...', Array, true)
#12 C:\xampp\htdocs\event_organizer\app\Controllers\DetailEvent.php(52): view('Layout/v_wrappe...', Array)
#13 C:\xampp\htdocs\event_organizer\system\CodeIgniter.php(825): App\Controllers\DetailEvent->detailEvent('template', 'dist', 'js', 'demo.js')
#14 C:\xampp\htdocs\event_organizer\system\CodeIgniter.php(412): CodeIgniter\CodeIgniter->runController(Object(App\Controllers\DetailEvent))
#15 C:\xampp\htdocs\event_organizer\system\CodeIgniter.php(320): CodeIgniter\CodeIgniter->handleRequest(NULL, Object(Config\Cache), false)
#16 C:\xampp\htdocs\event_organizer\public\index.php(37): CodeIgniter\CodeIgniter->run()
#17 {main}
CRITICAL - 2022-08-08 01:51:55 --> Trying to get property 'nama_kategori' of non-object
#0 C:\xampp\htdocs\event_organizer\app\Views\v_detailEvent.php(25): CodeIgniter\Debug\Exceptions->errorHandler(8, 'Trying to get p...', 'C:\\xampp\\htdocs...', 25, Array)
#1 C:\xampp\htdocs\event_organizer\system\View\View.php(210): include('C:\\xampp\\htdocs...')
#2 C:\xampp\htdocs\event_organizer\system\View\View.php(213): CodeIgniter\View\View->CodeIgniter\View\{closure}()
#3 C:\xampp\htdocs\event_organizer\system\Common.php(1089): CodeIgniter\View\View->render('v_detailEvent', Array, true)
#4 C:\xampp\htdocs\event_organizer\app\Views\Layout\v_content.php(3): view('v_detailEvent')
#5 C:\xampp\htdocs\event_organizer\system\View\View.php(210): include('C:\\xampp\\htdocs...')
#6 C:\xampp\htdocs\event_organizer\system\View\View.php(213): CodeIgniter\View\View->CodeIgniter\View\{closure}()
#7 C:\xampp\htdocs\event_organizer\system\Common.php(1089): CodeIgniter\View\View->render('Layout/v_conten...', Array, true)
#8 C:\xampp\htdocs\event_organizer\app\Views\Layout\v_wrapper.php(4): view('Layout/v_conten...')
#9 C:\xampp\htdocs\event_organizer\system\View\View.php(210): include('C:\\xampp\\htdocs...')
#10 C:\xampp\htdocs\event_organizer\system\View\View.php(213): CodeIgniter\View\View->CodeIgniter\View\{closure}()
#11 C:\xampp\htdocs\event_organizer\system\Common.php(1089): CodeIgniter\View\View->render('Layout/v_wrappe...', Array, true)
#12 C:\xampp\htdocs\event_organizer\app\Controllers\DetailEvent.php(52): view('Layout/v_wrappe...', Array)
#13 C:\xampp\htdocs\event_organizer\system\CodeIgniter.php(825): App\Controllers\DetailEvent->detailEvent('template', 'dist', 'js', 'slider.js')
#14 C:\xampp\htdocs\event_organizer\system\CodeIgniter.php(412): CodeIgniter\CodeIgniter->runController(Object(App\Controllers\DetailEvent))
#15 C:\xampp\htdocs\event_organizer\system\CodeIgniter.php(320): CodeIgniter\CodeIgniter->handleRequest(NULL, Object(Config\Cache), false)
#16 C:\xampp\htdocs\event_organizer\public\index.php(37): CodeIgniter\CodeIgniter->run()
#17 {main}
CRITICAL - 2022-08-08 01:51:55 --> Trying to get property 'nama_kategori' of non-object
#0 C:\xampp\htdocs\event_organizer\app\Views\v_detailEvent.php(25): CodeIgniter\Debug\Exceptions->errorHandler(8, 'Trying to get p...', 'C:\\xampp\\htdocs...', 25, Array)
#1 C:\xampp\htdocs\event_organizer\system\View\View.php(210): include('C:\\xampp\\htdocs...')
#2 C:\xampp\htdocs\event_organizer\system\View\View.php(213): CodeIgniter\View\View->CodeIgniter\View\{closure}()
#3 C:\xampp\htdocs\event_organizer\system\Common.php(1089): CodeIgniter\View\View->render('v_detailEvent', Array, true)
#4 C:\xampp\htdocs\event_organizer\app\Views\Layout\v_content.php(3): view('v_detailEvent')
#5 C:\xampp\htdocs\event_organizer\system\View\View.php(210): include('C:\\xampp\\htdocs...')
#6 C:\xampp\htdocs\event_organizer\system\View\View.php(213): CodeIgniter\View\View->CodeIgniter\View\{closure}()
#7 C:\xampp\htdocs\event_organizer\system\Common.php(1089): CodeIgniter\View\View->render('Layout/v_conten...', Array, true)
#8 C:\xampp\htdocs\event_organizer\app\Views\Layout\v_wrapper.php(4): view('Layout/v_conten...')
#9 C:\xampp\htdocs\event_organizer\system\View\View.php(210): include('C:\\xampp\\htdocs...')
#10 C:\xampp\htdocs\event_organizer\system\View\View.php(213): CodeIgniter\View\View->CodeIgniter\View\{closure}()
#11 C:\xampp\htdocs\event_organizer\system\Common.php(1089): CodeIgniter\View\View->render('Layout/v_wrappe...', Array, true)
#12 C:\xampp\htdocs\event_organizer\app\Controllers\DetailEvent.php(52): view('Layout/v_wrappe...', Array)
#13 C:\xampp\htdocs\event_organizer\system\CodeIgniter.php(825): App\Controllers\DetailEvent->detailEvent('template', 'dist', 'js', 'adminlte.min.js')
#14 C:\xampp\htdocs\event_organizer\system\CodeIgniter.php(412): CodeIgniter\CodeIgniter->runController(Object(App\Controllers\DetailEvent))
#15 C:\xampp\htdocs\event_organizer\system\CodeIgniter.php(320): CodeIgniter\CodeIgniter->handleRequest(NULL, Object(Config\Cache), false)
#16 C:\xampp\htdocs\event_organizer\public\index.php(37): CodeIgniter\CodeIgniter->run()
#17 {main}
CRITICAL - 2022-08-08 03:27:25 --> Trying to get property 'nama_kategori' of non-object
#0 C:\xampp\htdocs\event_organizer\app\Views\v_detailEvent.php(25): CodeIgniter\Debug\Exceptions->errorHandler(8, 'Trying to get p...', 'C:\\xampp\\htdocs...', 25, Array)
#1 C:\xampp\htdocs\event_organizer\system\View\View.php(210): include('C:\\xampp\\htdocs...')
#2 C:\xampp\htdocs\event_organizer\system\View\View.php(213): CodeIgniter\View\View->CodeIgniter\View\{closure}()
#3 C:\xampp\htdocs\event_organizer\system\Common.php(1089): CodeIgniter\View\View->render('v_detailEvent', Array, true)
#4 C:\xampp\htdocs\event_organizer\app\Views\Layout\v_content.php(3): view('v_detailEvent')
#5 C:\xampp\htdocs\event_organizer\system\View\View.php(210): include('C:\\xampp\\htdocs...')
#6 C:\xampp\htdocs\event_organizer\system\View\View.php(213): CodeIgniter\View\View->CodeIgniter\View\{closure}()
#7 C:\xampp\htdocs\event_organizer\system\Common.php(1089): CodeIgniter\View\View->render('Layout/v_conten...', Array, true)
#8 C:\xampp\htdocs\event_organizer\app\Views\Layout\v_wrapper.php(4): view('Layout/v_conten...')
#9 C:\xampp\htdocs\event_organizer\system\View\View.php(210): include('C:\\xampp\\htdocs...')
#10 C:\xampp\htdocs\event_organizer\system\View\View.php(213): CodeIgniter\View\View->CodeIgniter\View\{closure}()
#11 C:\xampp\htdocs\event_organizer\system\Common.php(1089): CodeIgniter\View\View->render('Layout/v_wrappe...', Array, true)
#12 C:\xampp\htdocs\event_organizer\app\Controllers\DetailEvent.php(52): view('Layout/v_wrappe...', Array)
#13 C:\xampp\htdocs\event_organizer\system\CodeIgniter.php(825): App\Controllers\DetailEvent->detailEvent('template', 'plugins', 'jquery', 'jquery.min.js')
#14 C:\xampp\htdocs\event_organizer\system\CodeIgniter.php(412): CodeIgniter\CodeIgniter->runController(Object(App\Controllers\DetailEvent))
#15 C:\xampp\htdocs\event_organizer\system\CodeIgniter.php(320): CodeIgniter\CodeIgniter->handleRequest(NULL, Object(Config\Cache), false)
#16 C:\xampp\htdocs\event_organizer\public\index.php(37): CodeIgniter\CodeIgniter->run()
#17 {main}
CRITICAL - 2022-08-08 03:27:26 --> Trying to get property 'nama_kategori' of non-object
#0 C:\xampp\htdocs\event_organizer\app\Views\v_detailEvent.php(25): CodeIgniter\Debug\Exceptions->errorHandler(8, 'Trying to get p...', 'C:\\xampp\\htdocs...', 25, Array)
#1 C:\xampp\htdocs\event_organizer\system\View\View.php(210): include('C:\\xampp\\htdocs...')
#2 C:\xampp\htdocs\event_organizer\system\View\View.php(213): CodeIgniter\View\View->CodeIgniter\View\{closure}()
#3 C:\xampp\htdocs\event_organizer\system\Common.php(1089): CodeIgniter\View\View->render('v_detailEvent', Array, true)
#4 C:\xampp\htdocs\event_organizer\app\Views\Layout\v_content.php(3): view('v_detailEvent')
#5 C:\xampp\htdocs\event_organizer\system\View\View.php(210): include('C:\\xampp\\htdocs...')
#6 C:\xampp\htdocs\event_organizer\system\View\View.php(213): CodeIgniter\View\View->CodeIgniter\View\{closure}()
#7 C:\xampp\htdocs\event_organizer\system\Common.php(1089): CodeIgniter\View\View->render('Layout/v_conten...', Array, true)
#8 C:\xampp\htdocs\event_organizer\app\Views\Layout\v_wrapper.php(4): view('Layout/v_conten...')
#9 C:\xampp\htdocs\event_organizer\system\View\View.php(210): include('C:\\xampp\\htdocs...')
#10 C:\xampp\htdocs\event_organizer\system\View\View.php(213): CodeIgniter\View\View->CodeIgniter\View\{closure}()
#11 C:\xampp\htdocs\event_organizer\system\Common.php(1089): CodeIgniter\View\View->render('Layout/v_wrappe...', Array, true)
#12 C:\xampp\htdocs\event_organizer\app\Controllers\DetailEvent.php(52): view('Layout/v_wrappe...', Array)
#13 C:\xampp\htdocs\event_organizer\system\CodeIgniter.php(825): App\Controllers\DetailEvent->detailEvent('template', 'plugins', 'bootstrap', 'js', 'bootstrap.bundl...')
#14 C:\xampp\htdocs\event_organizer\system\CodeIgniter.php(412): CodeIgniter\CodeIgniter->runController(Object(App\Controllers\DetailEvent))
#15 C:\xampp\htdocs\event_organizer\system\CodeIgniter.php(320): CodeIgniter\CodeIgniter->handleRequest(NULL, Object(Config\Cache), false)
#16 C:\xampp\htdocs\event_organizer\public\index.php(37): CodeIgniter\CodeIgniter->run()
#17 {main}
CRITICAL - 2022-08-08 03:27:26 --> Trying to get property 'nama_kategori' of non-object
#0 C:\xampp\htdocs\event_organizer\app\Views\v_detailEvent.php(25): CodeIgniter\Debug\Exceptions->errorHandler(8, 'Trying to get p...', 'C:\\xampp\\htdocs...', 25, Array)
#1 C:\xampp\htdocs\event_organizer\system\View\View.php(210): include('C:\\xampp\\htdocs...')
#2 C:\xampp\htdocs\event_organizer\system\View\View.php(213): CodeIgniter\View\View->CodeIgniter\View\{closure}()
#3 C:\xampp\htdocs\event_organizer\system\Common.php(1089): CodeIgniter\View\View->render('v_detailEvent', Array, true)
#4 C:\xampp\htdocs\event_organizer\app\Views\Layout\v_content.php(3): view('v_detailEvent')
#5 C:\xampp\htdocs\event_organizer\system\View\View.php(210): include('C:\\xampp\\htdocs...')
#6 C:\xampp\htdocs\event_organizer\system\View\View.php(213): CodeIgniter\View\View->CodeIgniter\View\{closure}()
#7 C:\xampp\htdocs\event_organizer\system\Common.php(1089): CodeIgniter\View\View->render('Layout/v_conten...', Array, true)
#8 C:\xampp\htdocs\event_organizer\app\Views\Layout\v_wrapper.php(4): view('Layout/v_conten...')
#9 C:\xampp\htdocs\event_organizer\system\View\View.php(210): include('C:\\xampp\\htdocs...')
#10 C:\xampp\htdocs\event_organizer\system\View\View.php(213): CodeIgniter\View\View->CodeIgniter\View\{closure}()
#11 C:\xampp\htdocs\event_organizer\system\Common.php(1089): CodeIgniter\View\View->render('Layout/v_wrappe...', Array, true)
#12 C:\xampp\htdocs\event_organizer\app\Controllers\DetailEvent.php(52): view('Layout/v_wrappe...', Array)
#13 C:\xampp\htdocs\event_organizer\system\CodeIgniter.php(825): App\Controllers\DetailEvent->detailEvent('template', 'dist', 'js', 'demo.js')
#14 C:\xampp\htdocs\event_organizer\system\CodeIgniter.php(412): CodeIgniter\CodeIgniter->runController(Object(App\Controllers\DetailEvent))
#15 C:\xampp\htdocs\event_organizer\system\CodeIgniter.php(320): CodeIgniter\CodeIgniter->handleRequest(NULL, Object(Config\Cache), false)
#16 C:\xampp\htdocs\event_organizer\public\index.php(37): CodeIgniter\CodeIgniter->run()
#17 {main}
CRITICAL - 2022-08-08 03:27:26 --> Trying to get property 'nama_kategori' of non-object
#0 C:\xampp\htdocs\event_organizer\app\Views\v_detailEvent.php(25): CodeIgniter\Debug\Exceptions->errorHandler(8, 'Trying to get p...', 'C:\\xampp\\htdocs...', 25, Array)
#1 C:\xampp\htdocs\event_organizer\system\View\View.php(210): include('C:\\xampp\\htdocs...')
#2 C:\xampp\htdocs\event_organizer\system\View\View.php(213): CodeIgniter\View\View->CodeIgniter\View\{closure}()
#3 C:\xampp\htdocs\event_organizer\system\Common.php(1089): CodeIgniter\View\View->render('v_detailEvent', Array, true)
#4 C:\xampp\htdocs\event_organizer\app\Views\Layout\v_content.php(3): view('v_detailEvent')
#5 C:\xampp\htdocs\event_organizer\system\View\View.php(210): include('C:\\xampp\\htdocs...')
#6 C:\xampp\htdocs\event_organizer\system\View\View.php(213): CodeIgniter\View\View->CodeIgniter\View\{closure}()
#7 C:\xampp\htdocs\event_organizer\system\Common.php(1089): CodeIgniter\View\View->render('Layout/v_conten...', Array, true)
#8 C:\xampp\htdocs\event_organizer\app\Views\Layout\v_wrapper.php(4): view('Layout/v_conten...')
#9 C:\xampp\htdocs\event_organizer\system\View\View.php(210): include('C:\\xampp\\htdocs...')
#10 C:\xampp\htdocs\event_organizer\system\View\View.php(213): CodeIgniter\View\View->CodeIgniter\View\{closure}()
#11 C:\xampp\htdocs\event_organizer\system\Common.php(1089): CodeIgniter\View\View->render('Layout/v_wrappe...', Array, true)
#12 C:\xampp\htdocs\event_organizer\app\Controllers\DetailEvent.php(52): view('Layout/v_wrappe...', Array)
#13 C:\xampp\htdocs\event_organizer\system\CodeIgniter.php(825): App\Controllers\DetailEvent->detailEvent('template', 'dist', 'js', 'slider.js')
#14 C:\xampp\htdocs\event_organizer\system\CodeIgniter.php(412): CodeIgniter\CodeIgniter->runController(Object(App\Controllers\DetailEvent))
#15 C:\xampp\htdocs\event_organizer\system\CodeIgniter.php(320): CodeIgniter\CodeIgniter->handleRequest(NULL, Object(Config\Cache), false)
#16 C:\xampp\htdocs\event_organizer\public\index.php(37): CodeIgniter\CodeIgniter->run()
#17 {main}
CRITICAL - 2022-08-08 03:27:26 --> Trying to get property 'nama_kategori' of non-object
#0 C:\xampp\htdocs\event_organizer\app\Views\v_detailEvent.php(25): CodeIgniter\Debug\Exceptions->errorHandler(8, 'Trying to get p...', 'C:\\xampp\\htdocs...', 25, Array)
#1 C:\xampp\htdocs\event_organizer\system\View\View.php(210): include('C:\\xampp\\htdocs...')
#2 C:\xampp\htdocs\event_organizer\system\View\View.php(213): CodeIgniter\View\View->CodeIgniter\View\{closure}()
#3 C:\xampp\htdocs\event_organizer\system\Common.php(1089): CodeIgniter\View\View->render('v_detailEvent', Array, true)
#4 C:\xampp\htdocs\event_organizer\app\Views\Layout\v_content.php(3): view('v_detailEvent')
#5 C:\xampp\htdocs\event_organizer\system\View\View.php(210): include('C:\\xampp\\htdocs...')
#6 C:\xampp\htdocs\event_organizer\system\View\View.php(213): CodeIgniter\View\View->CodeIgniter\View\{closure}()
#7 C:\xampp\htdocs\event_organizer\system\Common.php(1089): CodeIgniter\View\View->render('Layout/v_conten...', Array, true)
#8 C:\xampp\htdocs\event_organizer\app\Views\Layout\v_wrapper.php(4): view('Layout/v_conten...')
#9 C:\xampp\htdocs\event_organizer\system\View\View.php(210): include('C:\\xampp\\htdocs...')
#10 C:\xampp\htdocs\event_organizer\system\View\View.php(213): CodeIgniter\View\View->CodeIgniter\View\{closure}()
#11 C:\xampp\htdocs\event_organizer\system\Common.php(1089): CodeIgniter\View\View->render('Layout/v_wrappe...', Array, true)
#12 C:\xampp\htdocs\event_organizer\app\Controllers\DetailEvent.php(52): view('Layout/v_wrappe...', Array)
#13 C:\xampp\htdocs\event_organizer\system\CodeIgniter.php(825): App\Controllers\DetailEvent->detailEvent('template', 'dist', 'js', 'adminlte.min.js')
#14 C:\xampp\htdocs\event_organizer\system\CodeIgniter.php(412): CodeIgniter\CodeIgniter->runController(Object(App\Controllers\DetailEvent))
#15 C:\xampp\htdocs\event_organizer\system\CodeIgniter.php(320): CodeIgniter\CodeIgniter->handleRequest(NULL, Object(Config\Cache), false)
#16 C:\xampp\htdocs\event_organizer\public\index.php(37): CodeIgniter\CodeIgniter->run()
#17 {main}
ERROR - 2022-08-08 07:38:50 --> You have an error in your SQL syntax; check the manual that corresponds to your MariaDB server version for the right syntax to use near '' at line 1
CRITICAL - 2022-08-08 07:38:50 --> You have an error in your SQL syntax; check the manual that corresponds to your MariaDB server version for the right syntax to use near '' at line 1
#0 C:\xampp\htdocs\event_organizer\system\Database\MySQLi\Connection.php(292): mysqli->query('SELECT * FROM t...', 0)
#1 C:\xampp\htdocs\event_organizer\system\Database\BaseConnection.php(670): CodeIgniter\Database\MySQLi\Connection->execute('SELECT * FROM t...')
#2 C:\xampp\htdocs\event_organizer\system\Database\BaseConnection.php(598): CodeIgniter\Database\BaseConnection->simpleQuery('SELECT * FROM t...')
#3 C:\xampp\htdocs\event_organizer\app\Models\M_User.php(40): CodeIgniter\Database\BaseConnection->query('SELECT * FROM t...')
#4 C:\xampp\htdocs\event_organizer\app\Controllers\DataTransaksi.php(46): App\Models\M_User->findUser(NULL)
#5 C:\xampp\htdocs\event_organizer\system\CodeIgniter.php(825): App\Controllers\DataTransaksi->selesai()
#6 C:\xampp\htdocs\event_organizer\system\CodeIgniter.php(412): CodeIgniter\CodeIgniter->runController(Object(App\Controllers\DataTransaksi))
#7 C:\xampp\htdocs\event_organizer\system\CodeIgniter.php(320): CodeIgniter\CodeIgniter->handleRequest(NULL, Object(Config\Cache), false)
#8 C:\xampp\htdocs\event_organizer\public\index.php(37): CodeIgniter\CodeIgniter->run()
#9 {main}
CRITICAL - 2022-08-08 08:42:41 --> Undefined index: id
#0 C:\xampp\htdocs\event_organizer\app\Views\Profil\v_address.php(22): CodeIgniter\Debug\Exceptions->errorHandler(8, 'Undefined index...', 'C:\\xampp\\htdocs...', 22, Array)
#1 C:\xampp\htdocs\event_organizer\system\View\View.php(210): include('C:\\xampp\\htdocs...')
#2 C:\xampp\htdocs\event_organizer\system\View\View.php(213): CodeIgniter\View\View->CodeIgniter\View\{closure}()
#3 C:\xampp\htdocs\event_organizer\system\Common.php(1089): CodeIgniter\View\View->render('Profil/v_addres...', Array, true)
#4 C:\xampp\htdocs\event_organizer\app\Views\Profil\v_content.php(3): view('Profil/v_addres...')
#5 C:\xampp\htdocs\event_organizer\system\View\View.php(210): include('C:\\xampp\\htdocs...')
#6 C:\xampp\htdocs\event_organizer\system\View\View.php(213): CodeIgniter\View\View->CodeIgniter\View\{closure}()
#7 C:\xampp\htdocs\event_organizer\system\Common.php(1089): CodeIgniter\View\View->render('Profil/v_conten...', Array, true)
#8 C:\xampp\htdocs\event_organizer\app\Views\Profil\v_wrapper.php(5): view('Profil/v_conten...')
#9 C:\xampp\htdocs\event_organizer\system\View\View.php(210): include('C:\\xampp\\htdocs...')
#10 C:\xampp\htdocs\event_organizer\system\View\View.php(213): CodeIgniter\View\View->CodeIgniter\View\{closure}()
#11 C:\xampp\htdocs\event_organizer\system\Common.php(1089): CodeIgniter\View\View->render('Profil/v_wrappe...', Array, true)
#12 C:\xampp\htdocs\event_organizer\app\Controllers\Address.php(51): view('Profil/v_wrappe...', Array)
#13 C:\xampp\htdocs\event_organizer\system\CodeIgniter.php(825): App\Controllers\Address->index()
#14 C:\xampp\htdocs\event_organizer\system\CodeIgniter.php(412): CodeIgniter\CodeIgniter->runController(Object(App\Controllers\Address))
#15 C:\xampp\htdocs\event_organizer\system\CodeIgniter.php(320): CodeIgniter\CodeIgniter->handleRequest(NULL, Object(Config\Cache), false)
#16 C:\xampp\htdocs\event_organizer\public\index.php(37): CodeIgniter\CodeIgniter->run()
#17 {main}
