CRITICAL - 2022-07-04 23:05:34 --> Trying to get property 'gambar' of non-object
#0 C:\xampp\htdocs\event_organizer\app\Views\v_detailEvent.php(56): CodeIgniter\Debug\Exceptions->errorHandler(8, 'Trying to get p...', 'C:\\xampp\\htdocs...', 56, Array)
#1 C:\xampp\htdocs\event_organizer\system\View\View.php(210): include('C:\\xampp\\htdocs...')
#2 C:\xampp\htdocs\event_organizer\system\View\View.php(213): CodeIgniter\View\View->CodeIgniter\View\{closure}()
#3 C:\xampp\htdocs\event_organizer\system\Common.php(1089): CodeIgniter\View\View->render('v_detailEvent', Array, true)
#4 C:\xampp\htdocs\event_organizer\app\Views\layout\v_content.php(3): view('v_detailEvent')
#5 C:\xampp\htdocs\event_organizer\system\View\View.php(210): include('C:\\xampp\\htdocs...')
#6 C:\xampp\htdocs\event_organizer\system\View\View.php(213): CodeIgniter\View\View->CodeIgniter\View\{closure}()
#7 C:\xampp\htdocs\event_organizer\system\Common.php(1089): CodeIgniter\View\View->render('layout/v_conten...', Array, true)
#8 C:\xampp\htdocs\event_organizer\app\Views\layout\v_wrapper.php(4): view('layout/v_conten...')
#9 C:\xampp\htdocs\event_organizer\system\View\View.php(210): include('C:\\xampp\\htdocs...')
#10 C:\xampp\htdocs\event_organizer\system\View\View.php(213): CodeIgniter\View\View->CodeIgniter\View\{closure}()
#11 C:\xampp\htdocs\event_organizer\system\Common.php(1089): CodeIgniter\View\View->render('layout/v_wrappe...', Array, true)
#12 C:\xampp\htdocs\event_organizer\app\Controllers\DetailEvent.php(44): view('layout/v_wrappe...', Array)
#13 C:\xampp\htdocs\event_organizer\system\CodeIgniter.php(825): App\Controllers\DetailEvent->detailEvent('template', 'plugins', 'jquery', 'jquery.min.js')
#14 C:\xampp\htdocs\event_organizer\system\CodeIgniter.php(412): CodeIgniter\CodeIgniter->runController(Object(App\Controllers\DetailEvent))
#15 C:\xampp\htdocs\event_organizer\system\CodeIgniter.php(320): CodeIgniter\CodeIgniter->handleRequest(NULL, Object(Config\Cache), false)
#16 C:\xampp\htdocs\event_organizer\public\index.php(37): CodeIgniter\CodeIgniter->run()
#17 {main}
CRITICAL - 2022-07-04 23:05:34 --> Trying to get property 'gambar' of non-object
#0 C:\xampp\htdocs\event_organizer\app\Views\v_detailEvent.php(56): CodeIgniter\Debug\Exceptions->errorHandler(8, 'Trying to get p...', 'C:\\xampp\\htdocs...', 56, Array)
#1 C:\xampp\htdocs\event_organizer\system\View\View.php(210): include('C:\\xampp\\htdocs...')
#2 C:\xampp\htdocs\event_organizer\system\View\View.php(213): CodeIgniter\View\View->CodeIgniter\View\{closure}()
#3 C:\xampp\htdocs\event_organizer\system\Common.php(1089): CodeIgniter\View\View->render('v_detailEvent', Array, true)
#4 C:\xampp\htdocs\event_organizer\app\Views\layout\v_content.php(3): view('v_detailEvent')
#5 C:\xampp\htdocs\event_organizer\system\View\View.php(210): include('C:\\xampp\\htdocs...')
#6 C:\xampp\htdocs\event_organizer\system\View\View.php(213): CodeIgniter\View\View->CodeIgniter\View\{closure}()
#7 C:\xampp\htdocs\event_organizer\system\Common.php(1089): CodeIgniter\View\View->render('layout/v_conten...', Array, true)
#8 C:\xampp\htdocs\event_organizer\app\Views\layout\v_wrapper.php(4): view('layout/v_conten...')
#9 C:\xampp\htdocs\event_organizer\system\View\View.php(210): include('C:\\xampp\\htdocs...')
#10 C:\xampp\htdocs\event_organizer\system\View\View.php(213): CodeIgniter\View\View->CodeIgniter\View\{closure}()
#11 C:\xampp\htdocs\event_organizer\system\Common.php(1089): CodeIgniter\View\View->render('layout/v_wrappe...', Array, true)
#12 C:\xampp\htdocs\event_organizer\app\Controllers\DetailEvent.php(44): view('layout/v_wrappe...', Array)
#13 C:\xampp\htdocs\event_organizer\system\CodeIgniter.php(825): App\Controllers\DetailEvent->detailEvent('template', 'plugins', 'bootstrap', 'js', 'bootstrap.bundl...')
#14 C:\xampp\htdocs\event_organizer\system\CodeIgniter.php(412): CodeIgniter\CodeIgniter->runController(Object(App\Controllers\DetailEvent))
#15 C:\xampp\htdocs\event_organizer\system\CodeIgniter.php(320): CodeIgniter\CodeIgniter->handleRequest(NULL, Object(Config\Cache), false)
#16 C:\xampp\htdocs\event_organizer\public\index.php(37): CodeIgniter\CodeIgniter->run()
#17 {main}
CRITICAL - 2022-07-04 23:05:34 --> Trying to get property 'gambar' of non-object
#0 C:\xampp\htdocs\event_organizer\app\Views\v_detailEvent.php(56): CodeIgniter\Debug\Exceptions->errorHandler(8, 'Trying to get p...', 'C:\\xampp\\htdocs...', 56, Array)
#1 C:\xampp\htdocs\event_organizer\system\View\View.php(210): include('C:\\xampp\\htdocs...')
#2 C:\xampp\htdocs\event_organizer\system\View\View.php(213): CodeIgniter\View\View->CodeIgniter\View\{closure}()
#3 C:\xampp\htdocs\event_organizer\system\Common.php(1089): CodeIgniter\View\View->render('v_detailEvent', Array, true)
#4 C:\xampp\htdocs\event_organizer\app\Views\layout\v_content.php(3): view('v_detailEvent')
#5 C:\xampp\htdocs\event_organizer\system\View\View.php(210): include('C:\\xampp\\htdocs...')
#6 C:\xampp\htdocs\event_organizer\system\View\View.php(213): CodeIgniter\View\View->CodeIgniter\View\{closure}()
#7 C:\xampp\htdocs\event_organizer\system\Common.php(1089): CodeIgniter\View\View->render('layout/v_conten...', Array, true)
#8 C:\xampp\htdocs\event_organizer\app\Views\layout\v_wrapper.php(4): view('layout/v_conten...')
#9 C:\xampp\htdocs\event_organizer\system\View\View.php(210): include('C:\\xampp\\htdocs...')
#10 C:\xampp\htdocs\event_organizer\system\View\View.php(213): CodeIgniter\View\View->CodeIgniter\View\{closure}()
#11 C:\xampp\htdocs\event_organizer\system\Common.php(1089): CodeIgniter\View\View->render('layout/v_wrappe...', Array, true)
#12 C:\xampp\htdocs\event_organizer\app\Controllers\DetailEvent.php(44): view('layout/v_wrappe...', Array)
#13 C:\xampp\htdocs\event_organizer\system\CodeIgniter.php(825): App\Controllers\DetailEvent->detailEvent('template', 'dist', 'js', 'demo.js')
#14 C:\xampp\htdocs\event_organizer\system\CodeIgniter.php(412): CodeIgniter\CodeIgniter->runController(Object(App\Controllers\DetailEvent))
#15 C:\xampp\htdocs\event_organizer\system\CodeIgniter.php(320): CodeIgniter\CodeIgniter->handleRequest(NULL, Object(Config\Cache), false)
#16 C:\xampp\htdocs\event_organizer\public\index.php(37): CodeIgniter\CodeIgniter->run()
#17 {main}
CRITICAL - 2022-07-04 23:05:34 --> Trying to get property 'gambar' of non-object
#0 C:\xampp\htdocs\event_organizer\app\Views\v_detailEvent.php(56): CodeIgniter\Debug\Exceptions->errorHandler(8, 'Trying to get p...', 'C:\\xampp\\htdocs...', 56, Array)
#1 C:\xampp\htdocs\event_organizer\system\View\View.php(210): include('C:\\xampp\\htdocs...')
#2 C:\xampp\htdocs\event_organizer\system\View\View.php(213): CodeIgniter\View\View->CodeIgniter\View\{closure}()
#3 C:\xampp\htdocs\event_organizer\system\Common.php(1089): CodeIgniter\View\View->render('v_detailEvent', Array, true)
#4 C:\xampp\htdocs\event_organizer\app\Views\layout\v_content.php(3): view('v_detailEvent')
#5 C:\xampp\htdocs\event_organizer\system\View\View.php(210): include('C:\\xampp\\htdocs...')
#6 C:\xampp\htdocs\event_organizer\system\View\View.php(213): CodeIgniter\View\View->CodeIgniter\View\{closure}()
#7 C:\xampp\htdocs\event_organizer\system\Common.php(1089): CodeIgniter\View\View->render('layout/v_conten...', Array, true)
#8 C:\xampp\htdocs\event_organizer\app\Views\layout\v_wrapper.php(4): view('layout/v_conten...')
#9 C:\xampp\htdocs\event_organizer\system\View\View.php(210): include('C:\\xampp\\htdocs...')
#10 C:\xampp\htdocs\event_organizer\system\View\View.php(213): CodeIgniter\View\View->CodeIgniter\View\{closure}()
#11 C:\xampp\htdocs\event_organizer\system\Common.php(1089): CodeIgniter\View\View->render('layout/v_wrappe...', Array, true)
#12 C:\xampp\htdocs\event_organizer\app\Controllers\DetailEvent.php(44): view('layout/v_wrappe...', Array)
#13 C:\xampp\htdocs\event_organizer\system\CodeIgniter.php(825): App\Controllers\DetailEvent->detailEvent('template', 'dist', 'js', 'slider.js')
#14 C:\xampp\htdocs\event_organizer\system\CodeIgniter.php(412): CodeIgniter\CodeIgniter->runController(Object(App\Controllers\DetailEvent))
#15 C:\xampp\htdocs\event_organizer\system\CodeIgniter.php(320): CodeIgniter\CodeIgniter->handleRequest(NULL, Object(Config\Cache), false)
#16 C:\xampp\htdocs\event_organizer\public\index.php(37): CodeIgniter\CodeIgniter->run()
#17 {main}
CRITICAL - 2022-07-04 23:05:34 --> Trying to get property 'gambar' of non-object
#0 C:\xampp\htdocs\event_organizer\app\Views\v_detailEvent.php(56): CodeIgniter\Debug\Exceptions->errorHandler(8, 'Trying to get p...', 'C:\\xampp\\htdocs...', 56, Array)
#1 C:\xampp\htdocs\event_organizer\system\View\View.php(210): include('C:\\xampp\\htdocs...')
#2 C:\xampp\htdocs\event_organizer\system\View\View.php(213): CodeIgniter\View\View->CodeIgniter\View\{closure}()
#3 C:\xampp\htdocs\event_organizer\system\Common.php(1089): CodeIgniter\View\View->render('v_detailEvent', Array, true)
#4 C:\xampp\htdocs\event_organizer\app\Views\layout\v_content.php(3): view('v_detailEvent')
#5 C:\xampp\htdocs\event_organizer\system\View\View.php(210): include('C:\\xampp\\htdocs...')
#6 C:\xampp\htdocs\event_organizer\system\View\View.php(213): CodeIgniter\View\View->CodeIgniter\View\{closure}()
#7 C:\xampp\htdocs\event_organizer\system\Common.php(1089): CodeIgniter\View\View->render('layout/v_conten...', Array, true)
#8 C:\xampp\htdocs\event_organizer\app\Views\layout\v_wrapper.php(4): view('layout/v_conten...')
#9 C:\xampp\htdocs\event_organizer\system\View\View.php(210): include('C:\\xampp\\htdocs...')
#10 C:\xampp\htdocs\event_organizer\system\View\View.php(213): CodeIgniter\View\View->CodeIgniter\View\{closure}()
#11 C:\xampp\htdocs\event_organizer\system\Common.php(1089): CodeIgniter\View\View->render('layout/v_wrappe...', Array, true)
#12 C:\xampp\htdocs\event_organizer\app\Controllers\DetailEvent.php(44): view('layout/v_wrappe...', Array)
#13 C:\xampp\htdocs\event_organizer\system\CodeIgniter.php(825): App\Controllers\DetailEvent->detailEvent('template', 'dist', 'js', 'adminlte.min.js')
#14 C:\xampp\htdocs\event_organizer\system\CodeIgniter.php(412): CodeIgniter\CodeIgniter->runController(Object(App\Controllers\DetailEvent))
#15 C:\xampp\htdocs\event_organizer\system\CodeIgniter.php(320): CodeIgniter\CodeIgniter->handleRequest(NULL, Object(Config\Cache), false)
#16 C:\xampp\htdocs\event_organizer\public\index.php(37): CodeIgniter\CodeIgniter->run()
#17 {main}
CRITICAL - 2022-07-04 23:06:20 --> Trying to get property 'gambar' of non-object
#0 C:\xampp\htdocs\event_organizer\app\Views\v_detailEvent.php(56): CodeIgniter\Debug\Exceptions->errorHandler(8, 'Trying to get p...', 'C:\\xampp\\htdocs...', 56, Array)
#1 C:\xampp\htdocs\event_organizer\system\View\View.php(210): include('C:\\xampp\\htdocs...')
#2 C:\xampp\htdocs\event_organizer\system\View\View.php(213): CodeIgniter\View\View->CodeIgniter\View\{closure}()
#3 C:\xampp\htdocs\event_organizer\system\Common.php(1089): CodeIgniter\View\View->render('v_detailEvent', Array, true)
#4 C:\xampp\htdocs\event_organizer\app\Views\layout\v_content.php(3): view('v_detailEvent')
#5 C:\xampp\htdocs\event_organizer\system\View\View.php(210): include('C:\\xampp\\htdocs...')
#6 C:\xampp\htdocs\event_organizer\system\View\View.php(213): CodeIgniter\View\View->CodeIgniter\View\{closure}()
#7 C:\xampp\htdocs\event_organizer\system\Common.php(1089): CodeIgniter\View\View->render('layout/v_conten...', Array, true)
#8 C:\xampp\htdocs\event_organizer\app\Views\layout\v_wrapper.php(4): view('layout/v_conten...')
#9 C:\xampp\htdocs\event_organizer\system\View\View.php(210): include('C:\\xampp\\htdocs...')
#10 C:\xampp\htdocs\event_organizer\system\View\View.php(213): CodeIgniter\View\View->CodeIgniter\View\{closure}()
#11 C:\xampp\htdocs\event_organizer\system\Common.php(1089): CodeIgniter\View\View->render('layout/v_wrappe...', Array, true)
#12 C:\xampp\htdocs\event_organizer\app\Controllers\DetailEvent.php(44): view('layout/v_wrappe...', Array)
#13 C:\xampp\htdocs\event_organizer\system\CodeIgniter.php(825): App\Controllers\DetailEvent->detailEvent('template', 'plugins', 'jquery', 'jquery.min.js')
#14 C:\xampp\htdocs\event_organizer\system\CodeIgniter.php(412): CodeIgniter\CodeIgniter->runController(Object(App\Controllers\DetailEvent))
#15 C:\xampp\htdocs\event_organizer\system\CodeIgniter.php(320): CodeIgniter\CodeIgniter->handleRequest(NULL, Object(Config\Cache), false)
#16 C:\xampp\htdocs\event_organizer\public\index.php(37): CodeIgniter\CodeIgniter->run()
#17 {main}
CRITICAL - 2022-07-04 23:06:20 --> Trying to get property 'gambar' of non-object
#0 C:\xampp\htdocs\event_organizer\app\Views\v_detailEvent.php(56): CodeIgniter\Debug\Exceptions->errorHandler(8, 'Trying to get p...', 'C:\\xampp\\htdocs...', 56, Array)
#1 C:\xampp\htdocs\event_organizer\system\View\View.php(210): include('C:\\xampp\\htdocs...')
#2 C:\xampp\htdocs\event_organizer\system\View\View.php(213): CodeIgniter\View\View->CodeIgniter\View\{closure}()
#3 C:\xampp\htdocs\event_organizer\system\Common.php(1089): CodeIgniter\View\View->render('v_detailEvent', Array, true)
#4 C:\xampp\htdocs\event_organizer\app\Views\layout\v_content.php(3): view('v_detailEvent')
#5 C:\xampp\htdocs\event_organizer\system\View\View.php(210): include('C:\\xampp\\htdocs...')
#6 C:\xampp\htdocs\event_organizer\system\View\View.php(213): CodeIgniter\View\View->CodeIgniter\View\{closure}()
#7 C:\xampp\htdocs\event_organizer\system\Common.php(1089): CodeIgniter\View\View->render('layout/v_conten...', Array, true)
#8 C:\xampp\htdocs\event_organizer\app\Views\layout\v_wrapper.php(4): view('layout/v_conten...')
#9 C:\xampp\htdocs\event_organizer\system\View\View.php(210): include('C:\\xampp\\htdocs...')
#10 C:\xampp\htdocs\event_organizer\system\View\View.php(213): CodeIgniter\View\View->CodeIgniter\View\{closure}()
#11 C:\xampp\htdocs\event_organizer\system\Common.php(1089): CodeIgniter\View\View->render('layout/v_wrappe...', Array, true)
#12 C:\xampp\htdocs\event_organizer\app\Controllers\DetailEvent.php(44): view('layout/v_wrappe...', Array)
#13 C:\xampp\htdocs\event_organizer\system\CodeIgniter.php(825): App\Controllers\DetailEvent->detailEvent('template', 'plugins', 'bootstrap', 'js', 'bootstrap.bundl...')
#14 C:\xampp\htdocs\event_organizer\system\CodeIgniter.php(412): CodeIgniter\CodeIgniter->runController(Object(App\Controllers\DetailEvent))
#15 C:\xampp\htdocs\event_organizer\system\CodeIgniter.php(320): CodeIgniter\CodeIgniter->handleRequest(NULL, Object(Config\Cache), false)
#16 C:\xampp\htdocs\event_organizer\public\index.php(37): CodeIgniter\CodeIgniter->run()
#17 {main}
CRITICAL - 2022-07-04 23:06:20 --> Trying to get property 'gambar' of non-object
#0 C:\xampp\htdocs\event_organizer\app\Views\v_detailEvent.php(56): CodeIgniter\Debug\Exceptions->errorHandler(8, 'Trying to get p...', 'C:\\xampp\\htdocs...', 56, Array)
#1 C:\xampp\htdocs\event_organizer\system\View\View.php(210): include('C:\\xampp\\htdocs...')
#2 C:\xampp\htdocs\event_organizer\system\View\View.php(213): CodeIgniter\View\View->CodeIgniter\View\{closure}()
#3 C:\xampp\htdocs\event_organizer\system\Common.php(1089): CodeIgniter\View\View->render('v_detailEvent', Array, true)
#4 C:\xampp\htdocs\event_organizer\app\Views\layout\v_content.php(3): view('v_detailEvent')
#5 C:\xampp\htdocs\event_organizer\system\View\View.php(210): include('C:\\xampp\\htdocs...')
#6 C:\xampp\htdocs\event_organizer\system\View\View.php(213): CodeIgniter\View\View->CodeIgniter\View\{closure}()
#7 C:\xampp\htdocs\event_organizer\system\Common.php(1089): CodeIgniter\View\View->render('layout/v_conten...', Array, true)
#8 C:\xampp\htdocs\event_organizer\app\Views\layout\v_wrapper.php(4): view('layout/v_conten...')
#9 C:\xampp\htdocs\event_organizer\system\View\View.php(210): include('C:\\xampp\\htdocs...')
#10 C:\xampp\htdocs\event_organizer\system\View\View.php(213): CodeIgniter\View\View->CodeIgniter\View\{closure}()
#11 C:\xampp\htdocs\event_organizer\system\Common.php(1089): CodeIgniter\View\View->render('layout/v_wrappe...', Array, true)
#12 C:\xampp\htdocs\event_organizer\app\Controllers\DetailEvent.php(44): view('layout/v_wrappe...', Array)
#13 C:\xampp\htdocs\event_organizer\system\CodeIgniter.php(825): App\Controllers\DetailEvent->detailEvent('template', 'dist', 'js', 'adminlte.min.js')
#14 C:\xampp\htdocs\event_organizer\system\CodeIgniter.php(412): CodeIgniter\CodeIgniter->runController(Object(App\Controllers\DetailEvent))
#15 C:\xampp\htdocs\event_organizer\system\CodeIgniter.php(320): CodeIgniter\CodeIgniter->handleRequest(NULL, Object(Config\Cache), false)
#16 C:\xampp\htdocs\event_organizer\public\index.php(37): CodeIgniter\CodeIgniter->run()
#17 {main}
CRITICAL - 2022-07-04 23:06:20 --> Trying to get property 'gambar' of non-object
#0 C:\xampp\htdocs\event_organizer\app\Views\v_detailEvent.php(56): CodeIgniter\Debug\Exceptions->errorHandler(8, 'Trying to get p...', 'C:\\xampp\\htdocs...', 56, Array)
#1 C:\xampp\htdocs\event_organizer\system\View\View.php(210): include('C:\\xampp\\htdocs...')
#2 C:\xampp\htdocs\event_organizer\system\View\View.php(213): CodeIgniter\View\View->CodeIgniter\View\{closure}()
#3 C:\xampp\htdocs\event_organizer\system\Common.php(1089): CodeIgniter\View\View->render('v_detailEvent', Array, true)
#4 C:\xampp\htdocs\event_organizer\app\Views\layout\v_content.php(3): view('v_detailEvent')
#5 C:\xampp\htdocs\event_organizer\system\View\View.php(210): include('C:\\xampp\\htdocs...')
#6 C:\xampp\htdocs\event_organizer\system\View\View.php(213): CodeIgniter\View\View->CodeIgniter\View\{closure}()
#7 C:\xampp\htdocs\event_organizer\system\Common.php(1089): CodeIgniter\View\View->render('layout/v_conten...', Array, true)
#8 C:\xampp\htdocs\event_organizer\app\Views\layout\v_wrapper.php(4): view('layout/v_conten...')
#9 C:\xampp\htdocs\event_organizer\system\View\View.php(210): include('C:\\xampp\\htdocs...')
#10 C:\xampp\htdocs\event_organizer\system\View\View.php(213): CodeIgniter\View\View->CodeIgniter\View\{closure}()
#11 C:\xampp\htdocs\event_organizer\system\Common.php(1089): CodeIgniter\View\View->render('layout/v_wrappe...', Array, true)
#12 C:\xampp\htdocs\event_organizer\app\Controllers\DetailEvent.php(44): view('layout/v_wrappe...', Array)
#13 C:\xampp\htdocs\event_organizer\system\CodeIgniter.php(825): App\Controllers\DetailEvent->detailEvent('template', 'dist', 'js', 'slider.js')
#14 C:\xampp\htdocs\event_organizer\system\CodeIgniter.php(412): CodeIgniter\CodeIgniter->runController(Object(App\Controllers\DetailEvent))
#15 C:\xampp\htdocs\event_organizer\system\CodeIgniter.php(320): CodeIgniter\CodeIgniter->handleRequest(NULL, Object(Config\Cache), false)
#16 C:\xampp\htdocs\event_organizer\public\index.php(37): CodeIgniter\CodeIgniter->run()
#17 {main}
CRITICAL - 2022-07-04 23:06:20 --> Trying to get property 'gambar' of non-object
#0 C:\xampp\htdocs\event_organizer\app\Views\v_detailEvent.php(56): CodeIgniter\Debug\Exceptions->errorHandler(8, 'Trying to get p...', 'C:\\xampp\\htdocs...', 56, Array)
#1 C:\xampp\htdocs\event_organizer\system\View\View.php(210): include('C:\\xampp\\htdocs...')
#2 C:\xampp\htdocs\event_organizer\system\View\View.php(213): CodeIgniter\View\View->CodeIgniter\View\{closure}()
#3 C:\xampp\htdocs\event_organizer\system\Common.php(1089): CodeIgniter\View\View->render('v_detailEvent', Array, true)
#4 C:\xampp\htdocs\event_organizer\app\Views\layout\v_content.php(3): view('v_detailEvent')
#5 C:\xampp\htdocs\event_organizer\system\View\View.php(210): include('C:\\xampp\\htdocs...')
#6 C:\xampp\htdocs\event_organizer\system\View\View.php(213): CodeIgniter\View\View->CodeIgniter\View\{closure}()
#7 C:\xampp\htdocs\event_organizer\system\Common.php(1089): CodeIgniter\View\View->render('layout/v_conten...', Array, true)
#8 C:\xampp\htdocs\event_organizer\app\Views\layout\v_wrapper.php(4): view('layout/v_conten...')
#9 C:\xampp\htdocs\event_organizer\system\View\View.php(210): include('C:\\xampp\\htdocs...')
#10 C:\xampp\htdocs\event_organizer\system\View\View.php(213): CodeIgniter\View\View->CodeIgniter\View\{closure}()
#11 C:\xampp\htdocs\event_organizer\system\Common.php(1089): CodeIgniter\View\View->render('layout/v_wrappe...', Array, true)
#12 C:\xampp\htdocs\event_organizer\app\Controllers\DetailEvent.php(44): view('layout/v_wrappe...', Array)
#13 C:\xampp\htdocs\event_organizer\system\CodeIgniter.php(825): App\Controllers\DetailEvent->detailEvent('template', 'dist', 'js', 'demo.js')
#14 C:\xampp\htdocs\event_organizer\system\CodeIgniter.php(412): CodeIgniter\CodeIgniter->runController(Object(App\Controllers\DetailEvent))
#15 C:\xampp\htdocs\event_organizer\system\CodeIgniter.php(320): CodeIgniter\CodeIgniter->handleRequest(NULL, Object(Config\Cache), false)
#16 C:\xampp\htdocs\event_organizer\public\index.php(37): CodeIgniter\CodeIgniter->run()
#17 {main}
