CRITICAL - 2022-05-25 00:00:49 --> Call to undefined method App\Models\M_Alternatif::electre
#0 C:\xampp\htdocs\event_organizer\app\Controllers\ProsesAwal.php(301): CodeIgniter\Model->__call('electre', Array)
#1 C:\xampp\htdocs\event_organizer\system\CodeIgniter.php(825): App\Controllers\ProsesAwal->hitung()
#2 C:\xampp\htdocs\event_organizer\system\CodeIgniter.php(412): CodeIgniter\CodeIgniter->runController(Object(App\Controllers\ProsesAwal))
#3 C:\xampp\htdocs\event_organizer\system\CodeIgniter.php(320): CodeIgniter\CodeIgniter->handleRequest(NULL, Object(Config\Cache), false)
#4 C:\xampp\htdocs\event_organizer\public\index.php(37): CodeIgniter\CodeIgniter->run()
#5 {main}
CRITICAL - 2022-05-25 00:04:49 --> Call to undefined method App\Models\M_Alternatif::electre
#0 C:\xampp\htdocs\event_organizer\app\Controllers\ProsesAwal.php(301): CodeIgniter\Model->__call('electre', Array)
#1 C:\xampp\htdocs\event_organizer\system\CodeIgniter.php(825): App\Controllers\ProsesAwal->hitung()
#2 C:\xampp\htdocs\event_organizer\system\CodeIgniter.php(412): CodeIgniter\CodeIgniter->runController(Object(App\Controllers\ProsesAwal))
#3 C:\xampp\htdocs\event_organizer\system\CodeIgniter.php(320): CodeIgniter\CodeIgniter->handleRequest(NULL, Object(Config\Cache), false)
#4 C:\xampp\htdocs\event_organizer\public\index.php(37): CodeIgniter\CodeIgniter->run()
#5 {main}
CRITICAL - 2022-05-25 00:24:35 --> Call to undefined method App\Models\M_Alternatif::electre
#0 C:\xampp\htdocs\event_organizer\app\Controllers\ProsesAwal.php(301): CodeIgniter\Model->__call('electre', Array)
#1 C:\xampp\htdocs\event_organizer\system\CodeIgniter.php(825): App\Controllers\ProsesAwal->hitung()
#2 C:\xampp\htdocs\event_organizer\system\CodeIgniter.php(412): CodeIgniter\CodeIgniter->runController(Object(App\Controllers\ProsesAwal))
#3 C:\xampp\htdocs\event_organizer\system\CodeIgniter.php(320): CodeIgniter\CodeIgniter->handleRequest(NULL, Object(Config\Cache), false)
#4 C:\xampp\htdocs\event_organizer\public\index.php(37): CodeIgniter\CodeIgniter->run()
#5 {main}
CRITICAL - 2022-05-25 00:26:47 --> Call to undefined method App\Models\M_Alternatif::electre
#0 C:\xampp\htdocs\event_organizer\app\Controllers\ProsesAwal.php(301): CodeIgniter\Model->__call('electre', Array)
#1 C:\xampp\htdocs\event_organizer\system\CodeIgniter.php(825): App\Controllers\ProsesAwal->hitung()
#2 C:\xampp\htdocs\event_organizer\system\CodeIgniter.php(412): CodeIgniter\CodeIgniter->runController(Object(App\Controllers\ProsesAwal))
#3 C:\xampp\htdocs\event_organizer\system\CodeIgniter.php(320): CodeIgniter\CodeIgniter->handleRequest(NULL, Object(Config\Cache), false)
#4 C:\xampp\htdocs\event_organizer\public\index.php(37): CodeIgniter\CodeIgniter->run()
#5 {main}
CRITICAL - 2022-05-25 00:35:18 --> Undefined property: App\Controllers\ProsesAwal::$load
#0 C:\xampp\htdocs\event_organizer\app\Controllers\ProsesAwal.php(72): CodeIgniter\Debug\Exceptions->errorHandler(8, 'Undefined prope...', 'C:\\xampp\\htdocs...', 72, Array)
#1 C:\xampp\htdocs\event_organizer\system\CodeIgniter.php(825): App\Controllers\ProsesAwal->hitung()
#2 C:\xampp\htdocs\event_organizer\system\CodeIgniter.php(412): CodeIgniter\CodeIgniter->runController(Object(App\Controllers\ProsesAwal))
#3 C:\xampp\htdocs\event_organizer\system\CodeIgniter.php(320): CodeIgniter\CodeIgniter->handleRequest(NULL, Object(Config\Cache), false)
#4 C:\xampp\htdocs\event_organizer\public\index.php(37): CodeIgniter\CodeIgniter->run()
#5 {main}
CRITICAL - 2022-05-25 00:35:42 -->  route cannot be found while reverse-routing.
#0 C:\xampp\htdocs\event_organizer\system\HTTP\RedirectResponse.php(56): CodeIgniter\HTTP\Exceptions\HTTPException::forInvalidRedirectRoute('')
#1 C:\xampp\htdocs\event_organizer\system\Common.php(832): CodeIgniter\HTTP\RedirectResponse->route(false)
#2 C:\xampp\htdocs\event_organizer\app\Views\hitung.php(373): redirect('ProsesAwal/hitu...', 'refresh')
#3 C:\xampp\htdocs\event_organizer\system\View\View.php(210): include('C:\\xampp\\htdocs...')
#4 C:\xampp\htdocs\event_organizer\system\View\View.php(213): CodeIgniter\View\View->CodeIgniter\View\{closure}()
#5 C:\xampp\htdocs\event_organizer\system\Common.php(1089): CodeIgniter\View\View->render('hitung', Array, true)
#6 C:\xampp\htdocs\event_organizer\app\Controllers\ProsesAwal.php(154): view('hitung', Array)
#7 C:\xampp\htdocs\event_organizer\system\CodeIgniter.php(825): App\Controllers\ProsesAwal->hitung()
#8 C:\xampp\htdocs\event_organizer\system\CodeIgniter.php(412): CodeIgniter\CodeIgniter->runController(Object(App\Controllers\ProsesAwal))
#9 C:\xampp\htdocs\event_organizer\system\CodeIgniter.php(320): CodeIgniter\CodeIgniter->handleRequest(NULL, Object(Config\Cache), false)
#10 C:\xampp\htdocs\event_organizer\public\index.php(37): CodeIgniter\CodeIgniter->run()
#11 {main}
CRITICAL - 2022-05-25 00:38:03 -->  route cannot be found while reverse-routing.
#0 C:\xampp\htdocs\event_organizer\system\HTTP\RedirectResponse.php(56): CodeIgniter\HTTP\Exceptions\HTTPException::forInvalidRedirectRoute('')
#1 C:\xampp\htdocs\event_organizer\system\Common.php(832): CodeIgniter\HTTP\RedirectResponse->route(false)
#2 C:\xampp\htdocs\event_organizer\app\Views\hitung.php(373): redirect('http://localhos...', 'refresh')
#3 C:\xampp\htdocs\event_organizer\system\View\View.php(210): include('C:\\xampp\\htdocs...')
#4 C:\xampp\htdocs\event_organizer\system\View\View.php(213): CodeIgniter\View\View->CodeIgniter\View\{closure}()
#5 C:\xampp\htdocs\event_organizer\system\Common.php(1089): CodeIgniter\View\View->render('hitung', Array, true)
#6 C:\xampp\htdocs\event_organizer\app\Controllers\ProsesAwal.php(154): view('hitung', Array)
#7 C:\xampp\htdocs\event_organizer\system\CodeIgniter.php(825): App\Controllers\ProsesAwal->hitung()
#8 C:\xampp\htdocs\event_organizer\system\CodeIgniter.php(412): CodeIgniter\CodeIgniter->runController(Object(App\Controllers\ProsesAwal))
#9 C:\xampp\htdocs\event_organizer\system\CodeIgniter.php(320): CodeIgniter\CodeIgniter->handleRequest(NULL, Object(Config\Cache), false)
#10 C:\xampp\htdocs\event_organizer\public\index.php(37): CodeIgniter\CodeIgniter->run()
#11 {main}
CRITICAL - 2022-05-25 00:40:08 -->  route cannot be found while reverse-routing.
#0 C:\xampp\htdocs\event_organizer\system\HTTP\RedirectResponse.php(56): CodeIgniter\HTTP\Exceptions\HTTPException::forInvalidRedirectRoute('')
#1 C:\xampp\htdocs\event_organizer\system\Common.php(832): CodeIgniter\HTTP\RedirectResponse->route(false)
#2 C:\xampp\htdocs\event_organizer\app\Helpers\electre_helper.php(9): redirect('http://localhos...', 'refresh')
#3 C:\xampp\htdocs\event_organizer\app\Views\hitung.php(373): redirectTo()
#4 C:\xampp\htdocs\event_organizer\system\View\View.php(210): include('C:\\xampp\\htdocs...')
#5 C:\xampp\htdocs\event_organizer\system\View\View.php(213): CodeIgniter\View\View->CodeIgniter\View\{closure}()
#6 C:\xampp\htdocs\event_organizer\system\Common.php(1089): CodeIgniter\View\View->render('hitung', Array, true)
#7 C:\xampp\htdocs\event_organizer\app\Controllers\ProsesAwal.php(154): view('hitung', Array)
#8 C:\xampp\htdocs\event_organizer\system\CodeIgniter.php(825): App\Controllers\ProsesAwal->hitung()
#9 C:\xampp\htdocs\event_organizer\system\CodeIgniter.php(412): CodeIgniter\CodeIgniter->runController(Object(App\Controllers\ProsesAwal))
#10 C:\xampp\htdocs\event_organizer\system\CodeIgniter.php(320): CodeIgniter\CodeIgniter->handleRequest(NULL, Object(Config\Cache), false)
#11 C:\xampp\htdocs\event_organizer\public\index.php(37): CodeIgniter\CodeIgniter->run()
#12 {main}
CRITICAL - 2022-05-25 00:40:18 -->  route cannot be found while reverse-routing.
#0 C:\xampp\htdocs\event_organizer\system\HTTP\RedirectResponse.php(56): CodeIgniter\HTTP\Exceptions\HTTPException::forInvalidRedirectRoute('')
#1 C:\xampp\htdocs\event_organizer\system\Common.php(832): CodeIgniter\HTTP\RedirectResponse->route(false)
#2 C:\xampp\htdocs\event_organizer\app\Helpers\electre_helper.php(9): redirect('http://localhos...', 'refresh')
#3 C:\xampp\htdocs\event_organizer\app\Views\hitung.php(373): redirectTo()
#4 C:\xampp\htdocs\event_organizer\system\View\View.php(210): include('C:\\xampp\\htdocs...')
#5 C:\xampp\htdocs\event_organizer\system\View\View.php(213): CodeIgniter\View\View->CodeIgniter\View\{closure}()
#6 C:\xampp\htdocs\event_organizer\system\Common.php(1089): CodeIgniter\View\View->render('hitung', Array, true)
#7 C:\xampp\htdocs\event_organizer\app\Controllers\ProsesAwal.php(154): view('hitung', Array)
#8 C:\xampp\htdocs\event_organizer\system\CodeIgniter.php(825): App\Controllers\ProsesAwal->hitung()
#9 C:\xampp\htdocs\event_organizer\system\CodeIgniter.php(412): CodeIgniter\CodeIgniter->runController(Object(App\Controllers\ProsesAwal))
#10 C:\xampp\htdocs\event_organizer\system\CodeIgniter.php(320): CodeIgniter\CodeIgniter->handleRequest(NULL, Object(Config\Cache), false)
#11 C:\xampp\htdocs\event_organizer\public\index.php(37): CodeIgniter\CodeIgniter->run()
#12 {main}
CRITICAL - 2022-05-25 00:44:33 --> syntax error, unexpected '}', expecting ';'
#0 C:\xampp\htdocs\event_organizer\system\Controller.php(85): helper(Array)
#1 C:\xampp\htdocs\event_organizer\app\Controllers\BaseController.php(46): CodeIgniter\Controller->initController(Object(CodeIgniter\HTTP\IncomingRequest), Object(CodeIgniter\HTTP\Response), Object(CodeIgniter\Log\Logger))
#2 C:\xampp\htdocs\event_organizer\system\CodeIgniter.php(803): App\Controllers\BaseController->initController(Object(CodeIgniter\HTTP\IncomingRequest), Object(CodeIgniter\HTTP\Response), Object(CodeIgniter\Log\Logger))
#3 C:\xampp\htdocs\event_organizer\system\CodeIgniter.php(403): CodeIgniter\CodeIgniter->createController()
#4 C:\xampp\htdocs\event_organizer\system\CodeIgniter.php(320): CodeIgniter\CodeIgniter->handleRequest(NULL, Object(Config\Cache), false)
#5 C:\xampp\htdocs\event_organizer\public\index.php(37): CodeIgniter\CodeIgniter->run()
#6 {main}
CRITICAL - 2022-05-25 00:46:08 -->  route cannot be found while reverse-routing.
#0 C:\xampp\htdocs\event_organizer\system\HTTP\RedirectResponse.php(56): CodeIgniter\HTTP\Exceptions\HTTPException::forInvalidRedirectRoute('')
#1 C:\xampp\htdocs\event_organizer\system\Common.php(832): CodeIgniter\HTTP\RedirectResponse->route(false)
#2 C:\xampp\htdocs\event_organizer\app\Helpers\electre_helper.php(9): redirect('http://localhos...', 'refresh')
#3 C:\xampp\htdocs\event_organizer\app\Views\hitung.php(373): redirectTo()
#4 C:\xampp\htdocs\event_organizer\system\View\View.php(210): include('C:\\xampp\\htdocs...')
#5 C:\xampp\htdocs\event_organizer\system\View\View.php(213): CodeIgniter\View\View->CodeIgniter\View\{closure}()
#6 C:\xampp\htdocs\event_organizer\system\Common.php(1089): CodeIgniter\View\View->render('hitung', Array, true)
#7 C:\xampp\htdocs\event_organizer\app\Controllers\ProsesAwal.php(154): view('hitung', Array)
#8 C:\xampp\htdocs\event_organizer\system\CodeIgniter.php(825): App\Controllers\ProsesAwal->hitung()
#9 C:\xampp\htdocs\event_organizer\system\CodeIgniter.php(412): CodeIgniter\CodeIgniter->runController(Object(App\Controllers\ProsesAwal))
#10 C:\xampp\htdocs\event_organizer\system\CodeIgniter.php(320): CodeIgniter\CodeIgniter->handleRequest(NULL, Object(Config\Cache), false)
#11 C:\xampp\htdocs\event_organizer\public\index.php(37): CodeIgniter\CodeIgniter->run()
#12 {main}
CRITICAL - 2022-05-25 00:46:50 -->  route cannot be found while reverse-routing.
#0 C:\xampp\htdocs\event_organizer\system\HTTP\RedirectResponse.php(56): CodeIgniter\HTTP\Exceptions\HTTPException::forInvalidRedirectRoute('')
#1 C:\xampp\htdocs\event_organizer\system\Common.php(832): CodeIgniter\HTTP\RedirectResponse->route(false)
#2 C:\xampp\htdocs\event_organizer\app\Helpers\electre_helper.php(10): redirect('http://localhos...', 'refresh')
#3 C:\xampp\htdocs\event_organizer\app\Views\hitung.php(373): redirectTo()
#4 C:\xampp\htdocs\event_organizer\system\View\View.php(210): include('C:\\xampp\\htdocs...')
#5 C:\xampp\htdocs\event_organizer\system\View\View.php(213): CodeIgniter\View\View->CodeIgniter\View\{closure}()
#6 C:\xampp\htdocs\event_organizer\system\Common.php(1089): CodeIgniter\View\View->render('hitung', Array, true)
#7 C:\xampp\htdocs\event_organizer\app\Controllers\ProsesAwal.php(154): view('hitung', Array)
#8 C:\xampp\htdocs\event_organizer\system\CodeIgniter.php(825): App\Controllers\ProsesAwal->hitung()
#9 C:\xampp\htdocs\event_organizer\system\CodeIgniter.php(412): CodeIgniter\CodeIgniter->runController(Object(App\Controllers\ProsesAwal))
#10 C:\xampp\htdocs\event_organizer\system\CodeIgniter.php(320): CodeIgniter\CodeIgniter->handleRequest(NULL, Object(Config\Cache), false)
#11 C:\xampp\htdocs\event_organizer\public\index.php(37): CodeIgniter\CodeIgniter->run()
#12 {main}
CRITICAL - 2022-05-25 00:52:01 --> Invalid file: prosesAwal.php
#0 C:\xampp\htdocs\event_organizer\system\View\View.php(198): CodeIgniter\Exceptions\FrameworkException::forInvalidFile('prosesAwal.php')
#1 C:\xampp\htdocs\event_organizer\system\Common.php(1089): CodeIgniter\View\View->render('prosesAwal', Array, true)
#2 C:\xampp\htdocs\event_organizer\app\Helpers\electre_helper.php(11): view('prosesAwal')
#3 C:\xampp\htdocs\event_organizer\app\Views\hitung.php(373): redirectTo()
#4 C:\xampp\htdocs\event_organizer\system\View\View.php(210): include('C:\\xampp\\htdocs...')
#5 C:\xampp\htdocs\event_organizer\system\View\View.php(213): CodeIgniter\View\View->CodeIgniter\View\{closure}()
#6 C:\xampp\htdocs\event_organizer\system\Common.php(1089): CodeIgniter\View\View->render('hitung', Array, true)
#7 C:\xampp\htdocs\event_organizer\app\Controllers\ProsesAwal.php(154): view('hitung', Array)
#8 C:\xampp\htdocs\event_organizer\system\CodeIgniter.php(825): App\Controllers\ProsesAwal->hitung()
#9 C:\xampp\htdocs\event_organizer\system\CodeIgniter.php(412): CodeIgniter\CodeIgniter->runController(Object(App\Controllers\ProsesAwal))
#10 C:\xampp\htdocs\event_organizer\system\CodeIgniter.php(320): CodeIgniter\CodeIgniter->handleRequest(NULL, Object(Config\Cache), false)
#11 C:\xampp\htdocs\event_organizer\public\index.php(37): CodeIgniter\CodeIgniter->run()
#12 {main}
CRITICAL - 2022-05-25 00:52:32 --> Invalid file: data.php
#0 C:\xampp\htdocs\event_organizer\system\View\View.php(198): CodeIgniter\Exceptions\FrameworkException::forInvalidFile('data.php')
#1 C:\xampp\htdocs\event_organizer\system\Common.php(1089): CodeIgniter\View\View->render('data', Array, true)
#2 C:\xampp\htdocs\event_organizer\app\Helpers\electre_helper.php(11): view('data')
#3 C:\xampp\htdocs\event_organizer\app\Views\hitung.php(373): redirectTo()
#4 C:\xampp\htdocs\event_organizer\system\View\View.php(210): include('C:\\xampp\\htdocs...')
#5 C:\xampp\htdocs\event_organizer\system\View\View.php(213): CodeIgniter\View\View->CodeIgniter\View\{closure}()
#6 C:\xampp\htdocs\event_organizer\system\Common.php(1089): CodeIgniter\View\View->render('hitung', Array, true)
#7 C:\xampp\htdocs\event_organizer\app\Controllers\ProsesAwal.php(154): view('hitung', Array)
#8 C:\xampp\htdocs\event_organizer\system\CodeIgniter.php(825): App\Controllers\ProsesAwal->hitung()
#9 C:\xampp\htdocs\event_organizer\system\CodeIgniter.php(412): CodeIgniter\CodeIgniter->runController(Object(App\Controllers\ProsesAwal))
#10 C:\xampp\htdocs\event_organizer\system\CodeIgniter.php(320): CodeIgniter\CodeIgniter->handleRequest(NULL, Object(Config\Cache), false)
#11 C:\xampp\htdocs\event_organizer\public\index.php(37): CodeIgniter\CodeIgniter->run()
#12 {main}
CRITICAL - 2022-05-25 00:52:47 --> Invalid file: http://localhost/event_organizer/public/home.php
#0 C:\xampp\htdocs\event_organizer\system\View\View.php(198): CodeIgniter\Exceptions\FrameworkException::forInvalidFile('http://localhos...')
#1 C:\xampp\htdocs\event_organizer\system\Common.php(1089): CodeIgniter\View\View->render('http://localhos...', Array, true)
#2 C:\xampp\htdocs\event_organizer\app\Helpers\electre_helper.php(11): view('http://localhos...')
#3 C:\xampp\htdocs\event_organizer\app\Views\hitung.php(373): redirectTo()
#4 C:\xampp\htdocs\event_organizer\system\View\View.php(210): include('C:\\xampp\\htdocs...')
#5 C:\xampp\htdocs\event_organizer\system\View\View.php(213): CodeIgniter\View\View->CodeIgniter\View\{closure}()
#6 C:\xampp\htdocs\event_organizer\system\Common.php(1089): CodeIgniter\View\View->render('hitung', Array, true)
#7 C:\xampp\htdocs\event_organizer\app\Controllers\ProsesAwal.php(154): view('hitung', Array)
#8 C:\xampp\htdocs\event_organizer\system\CodeIgniter.php(825): App\Controllers\ProsesAwal->hitung()
#9 C:\xampp\htdocs\event_organizer\system\CodeIgniter.php(412): CodeIgniter\CodeIgniter->runController(Object(App\Controllers\ProsesAwal))
#10 C:\xampp\htdocs\event_organizer\system\CodeIgniter.php(320): CodeIgniter\CodeIgniter->handleRequest(NULL, Object(Config\Cache), false)
#11 C:\xampp\htdocs\event_organizer\public\index.php(37): CodeIgniter\CodeIgniter->run()
#12 {main}
CRITICAL - 2022-05-25 00:53:09 --> Invalid file: http://localhost/event_organizer/public/v_home.php
#0 C:\xampp\htdocs\event_organizer\system\View\View.php(198): CodeIgniter\Exceptions\FrameworkException::forInvalidFile('http://localhos...')
#1 C:\xampp\htdocs\event_organizer\system\Common.php(1089): CodeIgniter\View\View->render('http://localhos...', Array, true)
#2 C:\xampp\htdocs\event_organizer\app\Helpers\electre_helper.php(11): view('http://localhos...')
#3 C:\xampp\htdocs\event_organizer\app\Views\hitung.php(373): redirectTo()
#4 C:\xampp\htdocs\event_organizer\system\View\View.php(210): include('C:\\xampp\\htdocs...')
#5 C:\xampp\htdocs\event_organizer\system\View\View.php(213): CodeIgniter\View\View->CodeIgniter\View\{closure}()
#6 C:\xampp\htdocs\event_organizer\system\Common.php(1089): CodeIgniter\View\View->render('hitung', Array, true)
#7 C:\xampp\htdocs\event_organizer\app\Controllers\ProsesAwal.php(154): view('hitung', Array)
#8 C:\xampp\htdocs\event_organizer\system\CodeIgniter.php(825): App\Controllers\ProsesAwal->hitung()
#9 C:\xampp\htdocs\event_organizer\system\CodeIgniter.php(412): CodeIgniter\CodeIgniter->runController(Object(App\Controllers\ProsesAwal))
#10 C:\xampp\htdocs\event_organizer\system\CodeIgniter.php(320): CodeIgniter\CodeIgniter->handleRequest(NULL, Object(Config\Cache), false)
#11 C:\xampp\htdocs\event_organizer\public\index.php(37): CodeIgniter\CodeIgniter->run()
#12 {main}
CRITICAL - 2022-05-25 00:54:33 --> Invalid file: /home.php
#0 C:\xampp\htdocs\event_organizer\system\View\View.php(198): CodeIgniter\Exceptions\FrameworkException::forInvalidFile('/home.php')
#1 C:\xampp\htdocs\event_organizer\system\Common.php(1089): CodeIgniter\View\View->render('/home', Array, true)
#2 C:\xampp\htdocs\event_organizer\app\Helpers\electre_helper.php(11): view('/home')
#3 C:\xampp\htdocs\event_organizer\app\Views\hitung.php(373): redirectTo()
#4 C:\xampp\htdocs\event_organizer\system\View\View.php(210): include('C:\\xampp\\htdocs...')
#5 C:\xampp\htdocs\event_organizer\system\View\View.php(213): CodeIgniter\View\View->CodeIgniter\View\{closure}()
#6 C:\xampp\htdocs\event_organizer\system\Common.php(1089): CodeIgniter\View\View->render('hitung', Array, true)
#7 C:\xampp\htdocs\event_organizer\app\Controllers\ProsesAwal.php(154): view('hitung', Array)
#8 C:\xampp\htdocs\event_organizer\system\CodeIgniter.php(825): App\Controllers\ProsesAwal->hitung()
#9 C:\xampp\htdocs\event_organizer\system\CodeIgniter.php(412): CodeIgniter\CodeIgniter->runController(Object(App\Controllers\ProsesAwal))
#10 C:\xampp\htdocs\event_organizer\system\CodeIgniter.php(320): CodeIgniter\CodeIgniter->handleRequest(NULL, Object(Config\Cache), false)
#11 C:\xampp\htdocs\event_organizer\public\index.php(37): CodeIgniter\CodeIgniter->run()
#12 {main}
CRITICAL - 2022-05-25 01:25:46 --> Undefined variable: alternatif
#0 C:\xampp\htdocs\event_organizer\app\Views\proses\v_prosesAwal.php(87): CodeIgniter\Debug\Exceptions->errorHandler(8, 'Undefined varia...', 'C:\\xampp\\htdocs...', 87, Array)
#1 C:\xampp\htdocs\event_organizer\system\View\View.php(210): include('C:\\xampp\\htdocs...')
#2 C:\xampp\htdocs\event_organizer\system\View\View.php(213): CodeIgniter\View\View->CodeIgniter\View\{closure}()
#3 C:\xampp\htdocs\event_organizer\system\Common.php(1089): CodeIgniter\View\View->render('proses/v_proses...', Array, true)
#4 C:\xampp\htdocs\event_organizer\app\Views\layout\v_content.php(3): view('proses/v_proses...')
#5 C:\xampp\htdocs\event_organizer\system\View\View.php(210): include('C:\\xampp\\htdocs...')
#6 C:\xampp\htdocs\event_organizer\system\View\View.php(213): CodeIgniter\View\View->CodeIgniter\View\{closure}()
#7 C:\xampp\htdocs\event_organizer\system\Common.php(1089): CodeIgniter\View\View->render('layout/v_conten...', Array, true)
#8 C:\xampp\htdocs\event_organizer\app\Views\layout\v_wrapper.php(4): view('layout/v_conten...')
#9 C:\xampp\htdocs\event_organizer\system\View\View.php(210): include('C:\\xampp\\htdocs...')
#10 C:\xampp\htdocs\event_organizer\system\View\View.php(213): CodeIgniter\View\View->CodeIgniter\View\{closure}()
#11 C:\xampp\htdocs\event_organizer\system\Common.php(1089): CodeIgniter\View\View->render('layout/v_wrappe...', Array, true)
#12 C:\xampp\htdocs\event_organizer\app\Helpers\electre_helper.php(18): view('layout/v_wrappe...', Array)
#13 C:\xampp\htdocs\event_organizer\app\Views\hitung.php(373): redirectTo()
#14 C:\xampp\htdocs\event_organizer\system\View\View.php(210): include('C:\\xampp\\htdocs...')
#15 C:\xampp\htdocs\event_organizer\system\View\View.php(213): CodeIgniter\View\View->CodeIgniter\View\{closure}()
#16 C:\xampp\htdocs\event_organizer\system\Common.php(1089): CodeIgniter\View\View->render('hitung', Array, true)
#17 C:\xampp\htdocs\event_organizer\app\Controllers\ProsesAwal.php(154): view('hitung', Array)
#18 C:\xampp\htdocs\event_organizer\system\CodeIgniter.php(825): App\Controllers\ProsesAwal->hitung()
#19 C:\xampp\htdocs\event_organizer\system\CodeIgniter.php(412): CodeIgniter\CodeIgniter->runController(Object(App\Controllers\ProsesAwal))
#20 C:\xampp\htdocs\event_organizer\system\CodeIgniter.php(320): CodeIgniter\CodeIgniter->handleRequest(NULL, Object(Config\Cache), false)
#21 C:\xampp\htdocs\event_organizer\public\index.php(37): CodeIgniter\CodeIgniter->run()
#22 {main}
CRITICAL - 2022-05-25 01:29:54 --> Using $this when not in object context
#0 C:\xampp\htdocs\event_organizer\app\Views\hitung.php(373): redirectTo()
#1 C:\xampp\htdocs\event_organizer\system\View\View.php(210): include('C:\\xampp\\htdocs...')
#2 C:\xampp\htdocs\event_organizer\system\View\View.php(213): CodeIgniter\View\View->CodeIgniter\View\{closure}()
#3 C:\xampp\htdocs\event_organizer\system\Common.php(1089): CodeIgniter\View\View->render('hitung', Array, true)
#4 C:\xampp\htdocs\event_organizer\app\Controllers\ProsesAwal.php(154): view('hitung', Array)
#5 C:\xampp\htdocs\event_organizer\system\CodeIgniter.php(825): App\Controllers\ProsesAwal->hitung()
#6 C:\xampp\htdocs\event_organizer\system\CodeIgniter.php(412): CodeIgniter\CodeIgniter->runController(Object(App\Controllers\ProsesAwal))
#7 C:\xampp\htdocs\event_organizer\system\CodeIgniter.php(320): CodeIgniter\CodeIgniter->handleRequest(NULL, Object(Config\Cache), false)
#8 C:\xampp\htdocs\event_organizer\public\index.php(37): CodeIgniter\CodeIgniter->run()
#9 {main}
CRITICAL - 2022-05-25 01:41:33 --> Array to string conversion
#0 C:\xampp\htdocs\event_organizer\app\Models\M_Alternatif.php(54): CodeIgniter\Debug\Exceptions->errorHandler(8, 'Array to string...', 'C:\\xampp\\htdocs...', 54, Array)
#1 C:\xampp\htdocs\event_organizer\app\Helpers\electre_helper.php(23): App\Models\M_Alternatif->cariNama(Array)
#2 C:\xampp\htdocs\event_organizer\app\Views\hitung.php(373): redirectTo()
#3 C:\xampp\htdocs\event_organizer\system\View\View.php(210): include('C:\\xampp\\htdocs...')
#4 C:\xampp\htdocs\event_organizer\system\View\View.php(213): CodeIgniter\View\View->CodeIgniter\View\{closure}()
#5 C:\xampp\htdocs\event_organizer\system\Common.php(1089): CodeIgniter\View\View->render('hitung', Array, true)
#6 C:\xampp\htdocs\event_organizer\app\Controllers\ProsesAwal.php(154): view('hitung', Array)
#7 C:\xampp\htdocs\event_organizer\system\CodeIgniter.php(825): App\Controllers\ProsesAwal->hitung()
#8 C:\xampp\htdocs\event_organizer\system\CodeIgniter.php(412): CodeIgniter\CodeIgniter->runController(Object(App\Controllers\ProsesAwal))
#9 C:\xampp\htdocs\event_organizer\system\CodeIgniter.php(320): CodeIgniter\CodeIgniter->handleRequest(NULL, Object(Config\Cache), false)
#10 C:\xampp\htdocs\event_organizer\public\index.php(37): CodeIgniter\CodeIgniter->run()
#11 {main}
CRITICAL - 2022-05-25 01:57:47 --> Undefined variable: baris
#0 C:\xampp\htdocs\event_organizer\app\Controllers\ProsesAwal.php(94): CodeIgniter\Debug\Exceptions->errorHandler(8, 'Undefined varia...', 'C:\\xampp\\htdocs...', 94, Array)
#1 C:\xampp\htdocs\event_organizer\system\CodeIgniter.php(825): App\Controllers\ProsesAwal->hitung()
#2 C:\xampp\htdocs\event_organizer\system\CodeIgniter.php(412): CodeIgniter\CodeIgniter->runController(Object(App\Controllers\ProsesAwal))
#3 C:\xampp\htdocs\event_organizer\system\CodeIgniter.php(320): CodeIgniter\CodeIgniter->handleRequest(NULL, Object(Config\Cache), false)
#4 C:\xampp\htdocs\event_organizer\public\index.php(37): CodeIgniter\CodeIgniter->run()
#5 {main}
CRITICAL - 2022-05-25 01:58:02 --> Undefined variable: baris
#0 C:\xampp\htdocs\event_organizer\app\Controllers\ProsesAwal.php(94): CodeIgniter\Debug\Exceptions->errorHandler(8, 'Undefined varia...', 'C:\\xampp\\htdocs...', 94, Array)
#1 C:\xampp\htdocs\event_organizer\system\CodeIgniter.php(825): App\Controllers\ProsesAwal->hitung()
#2 C:\xampp\htdocs\event_organizer\system\CodeIgniter.php(412): CodeIgniter\CodeIgniter->runController(Object(App\Controllers\ProsesAwal))
#3 C:\xampp\htdocs\event_organizer\system\CodeIgniter.php(320): CodeIgniter\CodeIgniter->handleRequest(NULL, Object(Config\Cache), false)
#4 C:\xampp\htdocs\event_organizer\public\index.php(37): CodeIgniter\CodeIgniter->run()
#5 {main}
CRITICAL - 2022-05-25 01:58:08 --> Undefined variable: baris
#0 C:\xampp\htdocs\event_organizer\app\Controllers\ProsesAwal.php(167): CodeIgniter\Debug\Exceptions->errorHandler(8, 'Undefined varia...', 'C:\\xampp\\htdocs...', 167, Array)
#1 C:\xampp\htdocs\event_organizer\system\CodeIgniter.php(825): App\Controllers\ProsesAwal->hitung()
#2 C:\xampp\htdocs\event_organizer\system\CodeIgniter.php(412): CodeIgniter\CodeIgniter->runController(Object(App\Controllers\ProsesAwal))
#3 C:\xampp\htdocs\event_organizer\system\CodeIgniter.php(320): CodeIgniter\CodeIgniter->handleRequest(NULL, Object(Config\Cache), false)
#4 C:\xampp\htdocs\event_organizer\public\index.php(37): CodeIgniter\CodeIgniter->run()
#5 {main}
CRITICAL - 2022-05-25 01:58:49 --> Undefined variable: baris
#0 C:\xampp\htdocs\event_organizer\app\Controllers\ProsesAwal.php(94): CodeIgniter\Debug\Exceptions->errorHandler(8, 'Undefined varia...', 'C:\\xampp\\htdocs...', 94, Array)
#1 C:\xampp\htdocs\event_organizer\system\CodeIgniter.php(825): App\Controllers\ProsesAwal->hitung()
#2 C:\xampp\htdocs\event_organizer\system\CodeIgniter.php(412): CodeIgniter\CodeIgniter->runController(Object(App\Controllers\ProsesAwal))
#3 C:\xampp\htdocs\event_organizer\system\CodeIgniter.php(320): CodeIgniter\CodeIgniter->handleRequest(NULL, Object(Config\Cache), false)
#4 C:\xampp\htdocs\event_organizer\public\index.php(37): CodeIgniter\CodeIgniter->run()
#5 {main}
CRITICAL - 2022-05-25 02:04:04 --> Undefined variable: alternatif2
#0 C:\xampp\htdocs\event_organizer\app\Views\proses\v_prosesAwal.php(88): CodeIgniter\Debug\Exceptions->errorHandler(8, 'Undefined varia...', 'C:\\xampp\\htdocs...', 88, Array)
#1 C:\xampp\htdocs\event_organizer\system\View\View.php(210): include('C:\\xampp\\htdocs...')
#2 C:\xampp\htdocs\event_organizer\system\View\View.php(213): CodeIgniter\View\View->CodeIgniter\View\{closure}()
#3 C:\xampp\htdocs\event_organizer\system\Common.php(1089): CodeIgniter\View\View->render('proses/v_proses...', Array, true)
#4 C:\xampp\htdocs\event_organizer\app\Views\layout\v_content.php(3): view('proses/v_proses...')
#5 C:\xampp\htdocs\event_organizer\system\View\View.php(210): include('C:\\xampp\\htdocs...')
#6 C:\xampp\htdocs\event_organizer\system\View\View.php(213): CodeIgniter\View\View->CodeIgniter\View\{closure}()
#7 C:\xampp\htdocs\event_organizer\system\Common.php(1089): CodeIgniter\View\View->render('layout/v_conten...', Array, true)
#8 C:\xampp\htdocs\event_organizer\app\Views\layout\v_wrapper.php(4): view('layout/v_conten...')
#9 C:\xampp\htdocs\event_organizer\system\View\View.php(210): include('C:\\xampp\\htdocs...')
#10 C:\xampp\htdocs\event_organizer\system\View\View.php(213): CodeIgniter\View\View->CodeIgniter\View\{closure}()
#11 C:\xampp\htdocs\event_organizer\system\Common.php(1089): CodeIgniter\View\View->render('layout/v_wrappe...', Array, true)
#12 C:\xampp\htdocs\event_organizer\app\Controllers\ProsesAwal.php(52): view('layout/v_wrappe...', Array)
#13 C:\xampp\htdocs\event_organizer\system\CodeIgniter.php(825): App\Controllers\ProsesAwal->cariTema('Gedung')
#14 C:\xampp\htdocs\event_organizer\system\CodeIgniter.php(412): CodeIgniter\CodeIgniter->runController(Object(App\Controllers\ProsesAwal))
#15 C:\xampp\htdocs\event_organizer\system\CodeIgniter.php(320): CodeIgniter\CodeIgniter->handleRequest(NULL, Object(Config\Cache), false)
#16 C:\xampp\htdocs\event_organizer\public\index.php(37): CodeIgniter\CodeIgniter->run()
#17 {main}
CRITICAL - 2022-05-25 02:04:42 --> Invalid argument supplied for foreach()
#0 C:\xampp\htdocs\event_organizer\app\Views\proses\v_prosesAwal.php(88): CodeIgniter\Debug\Exceptions->errorHandler(2, 'Invalid argumen...', 'C:\\xampp\\htdocs...', 88, Array)
#1 C:\xampp\htdocs\event_organizer\system\View\View.php(210): include('C:\\xampp\\htdocs...')
#2 C:\xampp\htdocs\event_organizer\system\View\View.php(213): CodeIgniter\View\View->CodeIgniter\View\{closure}()
#3 C:\xampp\htdocs\event_organizer\system\Common.php(1089): CodeIgniter\View\View->render('proses/v_proses...', Array, true)
#4 C:\xampp\htdocs\event_organizer\app\Views\layout\v_content.php(3): view('proses/v_proses...')
#5 C:\xampp\htdocs\event_organizer\system\View\View.php(210): include('C:\\xampp\\htdocs...')
#6 C:\xampp\htdocs\event_organizer\system\View\View.php(213): CodeIgniter\View\View->CodeIgniter\View\{closure}()
#7 C:\xampp\htdocs\event_organizer\system\Common.php(1089): CodeIgniter\View\View->render('layout/v_conten...', Array, true)
#8 C:\xampp\htdocs\event_organizer\app\Views\layout\v_wrapper.php(4): view('layout/v_conten...')
#9 C:\xampp\htdocs\event_organizer\system\View\View.php(210): include('C:\\xampp\\htdocs...')
#10 C:\xampp\htdocs\event_organizer\system\View\View.php(213): CodeIgniter\View\View->CodeIgniter\View\{closure}()
#11 C:\xampp\htdocs\event_organizer\system\Common.php(1089): CodeIgniter\View\View->render('layout/v_wrappe...', Array, true)
#12 C:\xampp\htdocs\event_organizer\app\Controllers\ProsesAwal.php(54): view('layout/v_wrappe...', Array)
#13 C:\xampp\htdocs\event_organizer\system\CodeIgniter.php(825): App\Controllers\ProsesAwal->cariTema('Gedung')
#14 C:\xampp\htdocs\event_organizer\system\CodeIgniter.php(412): CodeIgniter\CodeIgniter->runController(Object(App\Controllers\ProsesAwal))
#15 C:\xampp\htdocs\event_organizer\system\CodeIgniter.php(320): CodeIgniter\CodeIgniter->handleRequest(NULL, Object(Config\Cache), false)
#16 C:\xampp\htdocs\event_organizer\public\index.php(37): CodeIgniter\CodeIgniter->run()
#17 {main}
CRITICAL - 2022-05-25 02:04:45 --> Invalid argument supplied for foreach()
#0 C:\xampp\htdocs\event_organizer\app\Views\proses\v_prosesAwal.php(88): CodeIgniter\Debug\Exceptions->errorHandler(2, 'Invalid argumen...', 'C:\\xampp\\htdocs...', 88, Array)
#1 C:\xampp\htdocs\event_organizer\system\View\View.php(210): include('C:\\xampp\\htdocs...')
#2 C:\xampp\htdocs\event_organizer\system\View\View.php(213): CodeIgniter\View\View->CodeIgniter\View\{closure}()
#3 C:\xampp\htdocs\event_organizer\system\Common.php(1089): CodeIgniter\View\View->render('proses/v_proses...', Array, true)
#4 C:\xampp\htdocs\event_organizer\app\Views\layout\v_content.php(3): view('proses/v_proses...')
#5 C:\xampp\htdocs\event_organizer\system\View\View.php(210): include('C:\\xampp\\htdocs...')
#6 C:\xampp\htdocs\event_organizer\system\View\View.php(213): CodeIgniter\View\View->CodeIgniter\View\{closure}()
#7 C:\xampp\htdocs\event_organizer\system\Common.php(1089): CodeIgniter\View\View->render('layout/v_conten...', Array, true)
#8 C:\xampp\htdocs\event_organizer\app\Views\layout\v_wrapper.php(4): view('layout/v_conten...')
#9 C:\xampp\htdocs\event_organizer\system\View\View.php(210): include('C:\\xampp\\htdocs...')
#10 C:\xampp\htdocs\event_organizer\system\View\View.php(213): CodeIgniter\View\View->CodeIgniter\View\{closure}()
#11 C:\xampp\htdocs\event_organizer\system\Common.php(1089): CodeIgniter\View\View->render('layout/v_wrappe...', Array, true)
#12 C:\xampp\htdocs\event_organizer\app\Controllers\ProsesAwal.php(54): view('layout/v_wrappe...', Array)
#13 C:\xampp\htdocs\event_organizer\system\CodeIgniter.php(825): App\Controllers\ProsesAwal->cariTema('Gedung')
#14 C:\xampp\htdocs\event_organizer\system\CodeIgniter.php(412): CodeIgniter\CodeIgniter->runController(Object(App\Controllers\ProsesAwal))
#15 C:\xampp\htdocs\event_organizer\system\CodeIgniter.php(320): CodeIgniter\CodeIgniter->handleRequest(NULL, Object(Config\Cache), false)
#16 C:\xampp\htdocs\event_organizer\public\index.php(37): CodeIgniter\CodeIgniter->run()
#17 {main}
CRITICAL - 2022-05-25 02:04:46 --> Invalid argument supplied for foreach()
#0 C:\xampp\htdocs\event_organizer\app\Views\proses\v_prosesAwal.php(88): CodeIgniter\Debug\Exceptions->errorHandler(2, 'Invalid argumen...', 'C:\\xampp\\htdocs...', 88, Array)
#1 C:\xampp\htdocs\event_organizer\system\View\View.php(210): include('C:\\xampp\\htdocs...')
#2 C:\xampp\htdocs\event_organizer\system\View\View.php(213): CodeIgniter\View\View->CodeIgniter\View\{closure}()
#3 C:\xampp\htdocs\event_organizer\system\Common.php(1089): CodeIgniter\View\View->render('proses/v_proses...', Array, true)
#4 C:\xampp\htdocs\event_organizer\app\Views\layout\v_content.php(3): view('proses/v_proses...')
#5 C:\xampp\htdocs\event_organizer\system\View\View.php(210): include('C:\\xampp\\htdocs...')
#6 C:\xampp\htdocs\event_organizer\system\View\View.php(213): CodeIgniter\View\View->CodeIgniter\View\{closure}()
#7 C:\xampp\htdocs\event_organizer\system\Common.php(1089): CodeIgniter\View\View->render('layout/v_conten...', Array, true)
#8 C:\xampp\htdocs\event_organizer\app\Views\layout\v_wrapper.php(4): view('layout/v_conten...')
#9 C:\xampp\htdocs\event_organizer\system\View\View.php(210): include('C:\\xampp\\htdocs...')
#10 C:\xampp\htdocs\event_organizer\system\View\View.php(213): CodeIgniter\View\View->CodeIgniter\View\{closure}()
#11 C:\xampp\htdocs\event_organizer\system\Common.php(1089): CodeIgniter\View\View->render('layout/v_wrappe...', Array, true)
#12 C:\xampp\htdocs\event_organizer\app\Controllers\ProsesAwal.php(54): view('layout/v_wrappe...', Array)
#13 C:\xampp\htdocs\event_organizer\system\CodeIgniter.php(825): App\Controllers\ProsesAwal->cariTema('Gedung')
#14 C:\xampp\htdocs\event_organizer\system\CodeIgniter.php(412): CodeIgniter\CodeIgniter->runController(Object(App\Controllers\ProsesAwal))
#15 C:\xampp\htdocs\event_organizer\system\CodeIgniter.php(320): CodeIgniter\CodeIgniter->handleRequest(NULL, Object(Config\Cache), false)
#16 C:\xampp\htdocs\event_organizer\public\index.php(37): CodeIgniter\CodeIgniter->run()
#17 {main}
CRITICAL - 2022-05-25 02:04:47 --> Invalid argument supplied for foreach()
#0 C:\xampp\htdocs\event_organizer\app\Views\proses\v_prosesAwal.php(88): CodeIgniter\Debug\Exceptions->errorHandler(2, 'Invalid argumen...', 'C:\\xampp\\htdocs...', 88, Array)
#1 C:\xampp\htdocs\event_organizer\system\View\View.php(210): include('C:\\xampp\\htdocs...')
#2 C:\xampp\htdocs\event_organizer\system\View\View.php(213): CodeIgniter\View\View->CodeIgniter\View\{closure}()
#3 C:\xampp\htdocs\event_organizer\system\Common.php(1089): CodeIgniter\View\View->render('proses/v_proses...', Array, true)
#4 C:\xampp\htdocs\event_organizer\app\Views\layout\v_content.php(3): view('proses/v_proses...')
#5 C:\xampp\htdocs\event_organizer\system\View\View.php(210): include('C:\\xampp\\htdocs...')
#6 C:\xampp\htdocs\event_organizer\system\View\View.php(213): CodeIgniter\View\View->CodeIgniter\View\{closure}()
#7 C:\xampp\htdocs\event_organizer\system\Common.php(1089): CodeIgniter\View\View->render('layout/v_conten...', Array, true)
#8 C:\xampp\htdocs\event_organizer\app\Views\layout\v_wrapper.php(4): view('layout/v_conten...')
#9 C:\xampp\htdocs\event_organizer\system\View\View.php(210): include('C:\\xampp\\htdocs...')
#10 C:\xampp\htdocs\event_organizer\system\View\View.php(213): CodeIgniter\View\View->CodeIgniter\View\{closure}()
#11 C:\xampp\htdocs\event_organizer\system\Common.php(1089): CodeIgniter\View\View->render('layout/v_wrappe...', Array, true)
#12 C:\xampp\htdocs\event_organizer\app\Controllers\ProsesAwal.php(54): view('layout/v_wrappe...', Array)
#13 C:\xampp\htdocs\event_organizer\system\CodeIgniter.php(825): App\Controllers\ProsesAwal->cariTema('Gedung')
#14 C:\xampp\htdocs\event_organizer\system\CodeIgniter.php(412): CodeIgniter\CodeIgniter->runController(Object(App\Controllers\ProsesAwal))
#15 C:\xampp\htdocs\event_organizer\system\CodeIgniter.php(320): CodeIgniter\CodeIgniter->handleRequest(NULL, Object(Config\Cache), false)
#16 C:\xampp\htdocs\event_organizer\public\index.php(37): CodeIgniter\CodeIgniter->run()
#17 {main}
CRITICAL - 2022-05-25 02:12:55 --> Array to string conversion
#0 [internal function]: CodeIgniter\Debug\Exceptions->errorHandler(8, 'Array to string...', 'C:\\xampp\\htdocs...', 312, Array)
#1 C:\xampp\htdocs\event_organizer\system\Database\Query.php(312): implode(',', Array)
#2 C:\xampp\htdocs\event_organizer\system\Database\Query.php(293): CodeIgniter\Database\Query->matchNamedBinds('SELECT *\nFROM `...', Array)
#3 C:\xampp\htdocs\event_organizer\system\Database\Query.php(150): CodeIgniter\Database\Query->compileBinds()
#4 C:\xampp\htdocs\event_organizer\system\Database\BaseConnection.php(598): CodeIgniter\Database\Query->getQuery()
#5 C:\xampp\htdocs\event_organizer\system\Database\BaseBuilder.php(1455): CodeIgniter\Database\BaseConnection->query('SELECT *\nFROM `...', Array, false)
#6 C:\xampp\htdocs\event_organizer\app\Models\M_Alternatif.php(19): CodeIgniter\Database\BaseBuilder->get()
#7 C:\xampp\htdocs\event_organizer\app\Helpers\electre_helper.php(25): App\Models\M_Alternatif->findData(Array)
#8 C:\xampp\htdocs\event_organizer\app\Views\hitung.php(373): redirectTo()
#9 C:\xampp\htdocs\event_organizer\system\View\View.php(210): include('C:\\xampp\\htdocs...')
#10 C:\xampp\htdocs\event_organizer\system\View\View.php(213): CodeIgniter\View\View->CodeIgniter\View\{closure}()
#11 C:\xampp\htdocs\event_organizer\system\Common.php(1089): CodeIgniter\View\View->render('hitung', Array, true)
#12 C:\xampp\htdocs\event_organizer\app\Controllers\ProsesAwal.php(156): view('hitung', Array)
#13 C:\xampp\htdocs\event_organizer\system\CodeIgniter.php(825): App\Controllers\ProsesAwal->hitung()
#14 C:\xampp\htdocs\event_organizer\system\CodeIgniter.php(412): CodeIgniter\CodeIgniter->runController(Object(App\Controllers\ProsesAwal))
#15 C:\xampp\htdocs\event_organizer\system\CodeIgniter.php(320): CodeIgniter\CodeIgniter->handleRequest(NULL, Object(Config\Cache), false)
#16 C:\xampp\htdocs\event_organizer\public\index.php(37): CodeIgniter\CodeIgniter->run()
#17 {main}
CRITICAL - 2022-05-25 02:13:19 --> Illegal string offset 'tema'
#0 C:\xampp\htdocs\event_organizer\app\Helpers\electre_helper.php(19): CodeIgniter\Debug\Exceptions->errorHandler(2, 'Illegal string ...', 'C:\\xampp\\htdocs...', 19, Array)
#1 C:\xampp\htdocs\event_organizer\app\Views\hitung.php(373): redirectTo()
#2 C:\xampp\htdocs\event_organizer\system\View\View.php(210): include('C:\\xampp\\htdocs...')
#3 C:\xampp\htdocs\event_organizer\system\View\View.php(213): CodeIgniter\View\View->CodeIgniter\View\{closure}()
#4 C:\xampp\htdocs\event_organizer\system\Common.php(1089): CodeIgniter\View\View->render('hitung', Array, true)
#5 C:\xampp\htdocs\event_organizer\app\Controllers\ProsesAwal.php(156): view('hitung', Array)
#6 C:\xampp\htdocs\event_organizer\system\CodeIgniter.php(825): App\Controllers\ProsesAwal->hitung()
#7 C:\xampp\htdocs\event_organizer\system\CodeIgniter.php(412): CodeIgniter\CodeIgniter->runController(Object(App\Controllers\ProsesAwal))
#8 C:\xampp\htdocs\event_organizer\system\CodeIgniter.php(320): CodeIgniter\CodeIgniter->handleRequest(NULL, Object(Config\Cache), false)
#9 C:\xampp\htdocs\event_organizer\public\index.php(37): CodeIgniter\CodeIgniter->run()
#10 {main}
CRITICAL - 2022-05-25 02:25:00 --> Division by zero
#0 C:\xampp\htdocs\event_organizer\app\Views\hitung.php(198): CodeIgniter\Debug\Exceptions->errorHandler(2, 'Division by zer...', 'C:\\xampp\\htdocs...', 198, Array)
#1 C:\xampp\htdocs\event_organizer\system\View\View.php(210): include('C:\\xampp\\htdocs...')
#2 C:\xampp\htdocs\event_organizer\system\View\View.php(213): CodeIgniter\View\View->CodeIgniter\View\{closure}()
#3 C:\xampp\htdocs\event_organizer\system\Common.php(1089): CodeIgniter\View\View->render('hitung', Array, true)
#4 C:\xampp\htdocs\event_organizer\app\Controllers\ProsesAwal.php(156): view('hitung', Array)
#5 C:\xampp\htdocs\event_organizer\system\CodeIgniter.php(825): App\Controllers\ProsesAwal->hitung()
#6 C:\xampp\htdocs\event_organizer\system\CodeIgniter.php(412): CodeIgniter\CodeIgniter->runController(Object(App\Controllers\ProsesAwal))
#7 C:\xampp\htdocs\event_organizer\system\CodeIgniter.php(320): CodeIgniter\CodeIgniter->handleRequest(NULL, Object(Config\Cache), false)
#8 C:\xampp\htdocs\event_organizer\public\index.php(37): CodeIgniter\CodeIgniter->run()
#9 {main}
CRITICAL - 2022-05-25 02:25:37 --> Division by zero
#0 C:\xampp\htdocs\event_organizer\app\Views\hitung.php(353): CodeIgniter\Debug\Exceptions->errorHandler(2, 'Division by zer...', 'C:\\xampp\\htdocs...', 353, Array)
#1 C:\xampp\htdocs\event_organizer\system\View\View.php(210): include('C:\\xampp\\htdocs...')
#2 C:\xampp\htdocs\event_organizer\system\View\View.php(213): CodeIgniter\View\View->CodeIgniter\View\{closure}()
#3 C:\xampp\htdocs\event_organizer\system\Common.php(1089): CodeIgniter\View\View->render('hitung', Array, true)
#4 C:\xampp\htdocs\event_organizer\app\Controllers\ProsesAwal.php(156): view('hitung', Array)
#5 C:\xampp\htdocs\event_organizer\system\CodeIgniter.php(825): App\Controllers\ProsesAwal->hitung()
#6 C:\xampp\htdocs\event_organizer\system\CodeIgniter.php(412): CodeIgniter\CodeIgniter->runController(Object(App\Controllers\ProsesAwal))
#7 C:\xampp\htdocs\event_organizer\system\CodeIgniter.php(320): CodeIgniter\CodeIgniter->handleRequest(NULL, Object(Config\Cache), false)
#8 C:\xampp\htdocs\event_organizer\public\index.php(37): CodeIgniter\CodeIgniter->run()
#9 {main}
