CRITICAL - 2022-05-27 23:53:25 --> Class 'App\Models\M_Makanan' not found
#0 C:\xampp\htdocs\event_organizer\system\CodeIgniter.php(802): App\Controllers\DashboardCustomer->__construct()
#1 C:\xampp\htdocs\event_organizer\system\CodeIgniter.php(403): CodeIgniter\CodeIgniter->createController()
#2 C:\xampp\htdocs\event_organizer\system\CodeIgniter.php(320): CodeIgniter\CodeIgniter->handleRequest(NULL, Object(Config\Cache), false)
#3 C:\xampp\htdocs\event_organizer\public\index.php(37): CodeIgniter\CodeIgniter->run()
#4 {main}
CRITICAL - 2022-05-27 23:53:51 --> Undefined property: App\Controllers\DashboardCustomer::$M_Keranjang
#0 C:\xampp\htdocs\event_organizer\app\Controllers\DashboardCustomer.php(29): CodeIgniter\Debug\Exceptions->errorHandler(8, 'Undefined prope...', 'C:\\xampp\\htdocs...', 29, Array)
#1 C:\xampp\htdocs\event_organizer\system\CodeIgniter.php(825): App\Controllers\DashboardCustomer->index()
#2 C:\xampp\htdocs\event_organizer\system\CodeIgniter.php(412): CodeIgniter\CodeIgniter->runController(Object(App\Controllers\DashboardCustomer))
#3 C:\xampp\htdocs\event_organizer\system\CodeIgniter.php(320): CodeIgniter\CodeIgniter->handleRequest(NULL, Object(Config\Cache), false)
#4 C:\xampp\htdocs\event_organizer\public\index.php(37): CodeIgniter\CodeIgniter->run()
#5 {main}
CRITICAL - 2022-05-27 23:55:46 --> Undefined variable: namaUsers
#0 C:\xampp\htdocs\event_organizer\app\Views\dashboardCustomer\v_sidebar.php(17): CodeIgniter\Debug\Exceptions->errorHandler(8, 'Undefined varia...', 'C:\\xampp\\htdocs...', 17, Array)
#1 C:\xampp\htdocs\event_organizer\system\View\View.php(210): include('C:\\xampp\\htdocs...')
#2 C:\xampp\htdocs\event_organizer\system\View\View.php(213): CodeIgniter\View\View->CodeIgniter\View\{closure}()
#3 C:\xampp\htdocs\event_organizer\system\Common.php(1089): CodeIgniter\View\View->render('dashboardCustom...', Array, true)
#4 C:\xampp\htdocs\event_organizer\app\Views\dashboardCustomer\v_wrapper.php(5): view('dashboardCustom...')
#5 C:\xampp\htdocs\event_organizer\system\View\View.php(210): include('C:\\xampp\\htdocs...')
#6 C:\xampp\htdocs\event_organizer\system\View\View.php(213): CodeIgniter\View\View->CodeIgniter\View\{closure}()
#7 C:\xampp\htdocs\event_organizer\system\Common.php(1089): CodeIgniter\View\View->render('dashboardCustom...', Array, true)
#8 C:\xampp\htdocs\event_organizer\app\Controllers\DashboardCustomer.php(33): view('dashboardCustom...', Array)
#9 C:\xampp\htdocs\event_organizer\system\CodeIgniter.php(825): App\Controllers\DashboardCustomer->index()
#10 C:\xampp\htdocs\event_organizer\system\CodeIgniter.php(412): CodeIgniter\CodeIgniter->runController(Object(App\Controllers\DashboardCustomer))
#11 C:\xampp\htdocs\event_organizer\system\CodeIgniter.php(320): CodeIgniter\CodeIgniter->handleRequest(NULL, Object(Config\Cache), false)
#12 C:\xampp\htdocs\event_organizer\public\index.php(37): CodeIgniter\CodeIgniter->run()
#13 {main}
CRITICAL - 2022-05-27 23:56:32 --> Undefined variable: keranjang
#0 C:\xampp\htdocs\event_organizer\app\Views\viewDashboardCustomer\v_dashboard.php(30): CodeIgniter\Debug\Exceptions->errorHandler(8, 'Undefined varia...', 'C:\\xampp\\htdocs...', 30, Array)
#1 C:\xampp\htdocs\event_organizer\system\View\View.php(210): include('C:\\xampp\\htdocs...')
#2 C:\xampp\htdocs\event_organizer\system\View\View.php(213): CodeIgniter\View\View->CodeIgniter\View\{closure}()
#3 C:\xampp\htdocs\event_organizer\system\Common.php(1089): CodeIgniter\View\View->render('viewDashboardCu...', Array, true)
#4 C:\xampp\htdocs\event_organizer\app\Views\dashboardCustomer\v_content.php(3): view('viewDashboardCu...')
#5 C:\xampp\htdocs\event_organizer\system\View\View.php(210): include('C:\\xampp\\htdocs...')
#6 C:\xampp\htdocs\event_organizer\system\View\View.php(213): CodeIgniter\View\View->CodeIgniter\View\{closure}()
#7 C:\xampp\htdocs\event_organizer\system\Common.php(1089): CodeIgniter\View\View->render('dashboardCustom...', Array, true)
#8 C:\xampp\htdocs\event_organizer\app\Views\dashboardCustomer\v_wrapper.php(6): view('dashboardCustom...')
#9 C:\xampp\htdocs\event_organizer\system\View\View.php(210): include('C:\\xampp\\htdocs...')
#10 C:\xampp\htdocs\event_organizer\system\View\View.php(213): CodeIgniter\View\View->CodeIgniter\View\{closure}()
#11 C:\xampp\htdocs\event_organizer\system\Common.php(1089): CodeIgniter\View\View->render('dashboardCustom...', Array, true)
#12 C:\xampp\htdocs\event_organizer\app\Controllers\DashboardCustomer.php(33): view('dashboardCustom...', Array)
#13 C:\xampp\htdocs\event_organizer\system\CodeIgniter.php(825): App\Controllers\DashboardCustomer->index()
#14 C:\xampp\htdocs\event_organizer\system\CodeIgniter.php(412): CodeIgniter\CodeIgniter->runController(Object(App\Controllers\DashboardCustomer))
#15 C:\xampp\htdocs\event_organizer\system\CodeIgniter.php(320): CodeIgniter\CodeIgniter->handleRequest(NULL, Object(Config\Cache), false)
#16 C:\xampp\htdocs\event_organizer\public\index.php(37): CodeIgniter\CodeIgniter->run()
#17 {main}
CRITICAL - 2022-05-27 23:57:10 --> Invalid argument supplied for foreach()
#0 C:\xampp\htdocs\event_organizer\app\Views\viewDashboardCustomer\v_dashboard.php(30): CodeIgniter\Debug\Exceptions->errorHandler(2, 'Invalid argumen...', 'C:\\xampp\\htdocs...', 30, Array)
#1 C:\xampp\htdocs\event_organizer\system\View\View.php(210): include('C:\\xampp\\htdocs...')
#2 C:\xampp\htdocs\event_organizer\system\View\View.php(213): CodeIgniter\View\View->CodeIgniter\View\{closure}()
#3 C:\xampp\htdocs\event_organizer\system\Common.php(1089): CodeIgniter\View\View->render('viewDashboardCu...', Array, true)
#4 C:\xampp\htdocs\event_organizer\app\Views\dashboardCustomer\v_content.php(3): view('viewDashboardCu...')
#5 C:\xampp\htdocs\event_organizer\system\View\View.php(210): include('C:\\xampp\\htdocs...')
#6 C:\xampp\htdocs\event_organizer\system\View\View.php(213): CodeIgniter\View\View->CodeIgniter\View\{closure}()
#7 C:\xampp\htdocs\event_organizer\system\Common.php(1089): CodeIgniter\View\View->render('dashboardCustom...', Array, true)
#8 C:\xampp\htdocs\event_organizer\app\Views\dashboardCustomer\v_wrapper.php(6): view('dashboardCustom...')
#9 C:\xampp\htdocs\event_organizer\system\View\View.php(210): include('C:\\xampp\\htdocs...')
#10 C:\xampp\htdocs\event_organizer\system\View\View.php(213): CodeIgniter\View\View->CodeIgniter\View\{closure}()
#11 C:\xampp\htdocs\event_organizer\system\Common.php(1089): CodeIgniter\View\View->render('dashboardCustom...', Array, true)
#12 C:\xampp\htdocs\event_organizer\app\Controllers\DashboardCustomer.php(33): view('dashboardCustom...', Array)
#13 C:\xampp\htdocs\event_organizer\system\CodeIgniter.php(825): App\Controllers\DashboardCustomer->index()
#14 C:\xampp\htdocs\event_organizer\system\CodeIgniter.php(412): CodeIgniter\CodeIgniter->runController(Object(App\Controllers\DashboardCustomer))
#15 C:\xampp\htdocs\event_organizer\system\CodeIgniter.php(320): CodeIgniter\CodeIgniter->handleRequest(NULL, Object(Config\Cache), false)
#16 C:\xampp\htdocs\event_organizer\public\index.php(37): CodeIgniter\CodeIgniter->run()
#17 {main}
CRITICAL - 2022-05-27 23:58:13 --> Undefined variable: keranjang
#0 C:\xampp\htdocs\event_organizer\app\Views\viewDashboardCustomer\v_dashboard.php(30): CodeIgniter\Debug\Exceptions->errorHandler(8, 'Undefined varia...', 'C:\\xampp\\htdocs...', 30, Array)
#1 C:\xampp\htdocs\event_organizer\system\View\View.php(210): include('C:\\xampp\\htdocs...')
#2 C:\xampp\htdocs\event_organizer\system\View\View.php(213): CodeIgniter\View\View->CodeIgniter\View\{closure}()
#3 C:\xampp\htdocs\event_organizer\system\Common.php(1089): CodeIgniter\View\View->render('viewDashboardCu...', Array, true)
#4 C:\xampp\htdocs\event_organizer\app\Views\dashboardCustomer\v_content.php(3): view('viewDashboardCu...')
#5 C:\xampp\htdocs\event_organizer\system\View\View.php(210): include('C:\\xampp\\htdocs...')
#6 C:\xampp\htdocs\event_organizer\system\View\View.php(213): CodeIgniter\View\View->CodeIgniter\View\{closure}()
#7 C:\xampp\htdocs\event_organizer\system\Common.php(1089): CodeIgniter\View\View->render('dashboardCustom...', Array, true)
#8 C:\xampp\htdocs\event_organizer\app\Views\dashboardCustomer\v_wrapper.php(6): view('dashboardCustom...')
#9 C:\xampp\htdocs\event_organizer\system\View\View.php(210): include('C:\\xampp\\htdocs...')
#10 C:\xampp\htdocs\event_organizer\system\View\View.php(213): CodeIgniter\View\View->CodeIgniter\View\{closure}()
#11 C:\xampp\htdocs\event_organizer\system\Common.php(1089): CodeIgniter\View\View->render('dashboardCustom...', Array, true)
#12 C:\xampp\htdocs\event_organizer\app\Controllers\DashboardCustomer.php(33): view('dashboardCustom...', Array)
#13 C:\xampp\htdocs\event_organizer\system\CodeIgniter.php(825): App\Controllers\DashboardCustomer->index()
#14 C:\xampp\htdocs\event_organizer\system\CodeIgniter.php(412): CodeIgniter\CodeIgniter->runController(Object(App\Controllers\DashboardCustomer))
#15 C:\xampp\htdocs\event_organizer\system\CodeIgniter.php(320): CodeIgniter\CodeIgniter->handleRequest(NULL, Object(Config\Cache), false)
#16 C:\xampp\htdocs\event_organizer\public\index.php(37): CodeIgniter\CodeIgniter->run()
#17 {main}
CRITICAL - 2022-05-27 23:58:46 --> Undefined variable: jml_item
#0 C:\xampp\htdocs\event_organizer\app\Views\viewDashboardCustomer\v_dashboard.php(38): CodeIgniter\Debug\Exceptions->errorHandler(8, 'Undefined varia...', 'C:\\xampp\\htdocs...', 38, Array)
#1 C:\xampp\htdocs\event_organizer\system\View\View.php(210): include('C:\\xampp\\htdocs...')
#2 C:\xampp\htdocs\event_organizer\system\View\View.php(213): CodeIgniter\View\View->CodeIgniter\View\{closure}()
#3 C:\xampp\htdocs\event_organizer\system\Common.php(1089): CodeIgniter\View\View->render('viewDashboardCu...', Array, true)
#4 C:\xampp\htdocs\event_organizer\app\Views\dashboardCustomer\v_content.php(3): view('viewDashboardCu...')
#5 C:\xampp\htdocs\event_organizer\system\View\View.php(210): include('C:\\xampp\\htdocs...')
#6 C:\xampp\htdocs\event_organizer\system\View\View.php(213): CodeIgniter\View\View->CodeIgniter\View\{closure}()
#7 C:\xampp\htdocs\event_organizer\system\Common.php(1089): CodeIgniter\View\View->render('dashboardCustom...', Array, true)
#8 C:\xampp\htdocs\event_organizer\app\Views\dashboardCustomer\v_wrapper.php(6): view('dashboardCustom...')
#9 C:\xampp\htdocs\event_organizer\system\View\View.php(210): include('C:\\xampp\\htdocs...')
#10 C:\xampp\htdocs\event_organizer\system\View\View.php(213): CodeIgniter\View\View->CodeIgniter\View\{closure}()
#11 C:\xampp\htdocs\event_organizer\system\Common.php(1089): CodeIgniter\View\View->render('dashboardCustom...', Array, true)
#12 C:\xampp\htdocs\event_organizer\app\Controllers\DashboardCustomer.php(33): view('dashboardCustom...', Array)
#13 C:\xampp\htdocs\event_organizer\system\CodeIgniter.php(825): App\Controllers\DashboardCustomer->index()
#14 C:\xampp\htdocs\event_organizer\system\CodeIgniter.php(412): CodeIgniter\CodeIgniter->runController(Object(App\Controllers\DashboardCustomer))
#15 C:\xampp\htdocs\event_organizer\system\CodeIgniter.php(320): CodeIgniter\CodeIgniter->handleRequest(NULL, Object(Config\Cache), false)
#16 C:\xampp\htdocs\event_organizer\public\index.php(37): CodeIgniter\CodeIgniter->run()
#17 {main}
CRITICAL - 2022-05-27 23:59:11 --> Undefined variable: alamat
#0 C:\xampp\htdocs\event_organizer\app\Views\viewDashboardCustomer\v_dashboard.php(239): CodeIgniter\Debug\Exceptions->errorHandler(8, 'Undefined varia...', 'C:\\xampp\\htdocs...', 239, Array)
#1 C:\xampp\htdocs\event_organizer\system\View\View.php(210): include('C:\\xampp\\htdocs...')
#2 C:\xampp\htdocs\event_organizer\system\View\View.php(213): CodeIgniter\View\View->CodeIgniter\View\{closure}()
#3 C:\xampp\htdocs\event_organizer\system\Common.php(1089): CodeIgniter\View\View->render('viewDashboardCu...', Array, true)
#4 C:\xampp\htdocs\event_organizer\app\Views\dashboardCustomer\v_content.php(3): view('viewDashboardCu...')
#5 C:\xampp\htdocs\event_organizer\system\View\View.php(210): include('C:\\xampp\\htdocs...')
#6 C:\xampp\htdocs\event_organizer\system\View\View.php(213): CodeIgniter\View\View->CodeIgniter\View\{closure}()
#7 C:\xampp\htdocs\event_organizer\system\Common.php(1089): CodeIgniter\View\View->render('dashboardCustom...', Array, true)
#8 C:\xampp\htdocs\event_organizer\app\Views\dashboardCustomer\v_wrapper.php(6): view('dashboardCustom...')
#9 C:\xampp\htdocs\event_organizer\system\View\View.php(210): include('C:\\xampp\\htdocs...')
#10 C:\xampp\htdocs\event_organizer\system\View\View.php(213): CodeIgniter\View\View->CodeIgniter\View\{closure}()
#11 C:\xampp\htdocs\event_organizer\system\Common.php(1089): CodeIgniter\View\View->render('dashboardCustom...', Array, true)
#12 C:\xampp\htdocs\event_organizer\app\Controllers\DashboardCustomer.php(33): view('dashboardCustom...', Array)
#13 C:\xampp\htdocs\event_organizer\system\CodeIgniter.php(825): App\Controllers\DashboardCustomer->index()
#14 C:\xampp\htdocs\event_organizer\system\CodeIgniter.php(412): CodeIgniter\CodeIgniter->runController(Object(App\Controllers\DashboardCustomer))
#15 C:\xampp\htdocs\event_organizer\system\CodeIgniter.php(320): CodeIgniter\CodeIgniter->handleRequest(NULL, Object(Config\Cache), false)
#16 C:\xampp\htdocs\event_organizer\public\index.php(37): CodeIgniter\CodeIgniter->run()
#17 {main}
